#
# There is insufficient memory for the Java Runtime Environment to continue.
# Native memory allocation (mmap) failed to map 65536 bytes for Failed to commit metaspace.
# Possible reasons:
#   The system is out of physical RAM or swap space
#   The process is running with CompressedOops enabled, and the Java Heap may be blocking the growth of the native heap
# Possible solutions:
#   Reduce memory load on the system
#   Increase physical memory or swap space
#   Check if swap backing store is full
#   Decrease Java heap size (-Xmx/-Xms)
#   Decrease number of Java threads
#   Decrease Java thread stack sizes (-Xss)
#   Set larger code cache with -XX:ReservedCodeCacheSize=
#   JVM is running with Zero Based Compressed Oops mode in which the Java heap is
#     placed in the first 32GB address space. The Java Heap base address is the
#     maximum limit for the native heap growth. Please use -XX:HeapBaseMinAddress
#     to set the Java Heap base and to place the Java Heap above 32GB virtual address.
# This output file may be truncated or incomplete.
#
#  Out of Memory Error (virtualSpaceNode.cpp:110), pid=24080, tid=22476
#
# JRE version: Java(TM) SE Runtime Environment (17.0.4.1+1) (build 17.0.4.1+1-LTS-2)
# Java VM: Java HotSpot(TM) 64-Bit Server VM (17.0.4.1+1-LTS-2, mixed mode, emulated-client, sharing, tiered, compressed oops, compressed class ptrs, g1 gc, windows-amd64)
# No core dump will be written. Minidumps are not enabled by default on client versions of Windows
#

---------------  S U M M A R Y ------------

Command Line: -XX:TieredStopAtLevel=1 -Dspring.output.ansi.enabled=always -Dcom.sun.management.jmxremote -Dspring.jmx.enabled=true -Dspring.liveBeansView.mbeanDomain -Dspring.application.admin.enabled=true -javaagent:C:\Program Files\JetBrains\IntelliJ IDEA 2022.2.1\lib\idea_rt.jar=64428:C:\Program Files\JetBrains\IntelliJ IDEA 2022.2.1\bin -Dfile.encoding=UTF-8 com.example.springjwt.SpringjwtApplication

Host: Intel(R) Core(TM) i7-10750H CPU @ 2.60GHz, 12 cores, 15G,  Windows 10 , 64 bit Build 19041 (10.0.19041.1889)
Time: Wed Sep 14 20:40:13 2022 Egypt Standard Time elapsed time: 0.770695 seconds (0d 0h 0m 0s)

---------------  T H R E A D  ---------------

Current thread (0x000001f9391dd880):  JavaThread "main" [_thread_in_vm, id=22476, stack(0x00000053c9000000,0x00000053c9100000)]

Stack: [0x00000053c9000000,0x00000053c9100000]
Native frames: (J=compiled Java code, j=interpreted, Vv=VM code, C=native code)
V  [jvm.dll+0x6723ba]
V  [jvm.dll+0x7d1e34]
V  [jvm.dll+0x7d35de]
V  [jvm.dll+0x7d3c43]
V  [jvm.dll+0x243065]
V  [jvm.dll+0x7cdddb]
V  [jvm.dll+0x618166]
V  [jvm.dll+0x1be94e]
V  [jvm.dll+0x61aaa1]
V  [jvm.dll+0x618b06]
V  [jvm.dll+0x238b70]
V  [jvm.dll+0x1e8e4d]
V  [jvm.dll+0x1de891]
V  [jvm.dll+0x538bb0]
V  [jvm.dll+0x74c978]
V  [jvm.dll+0x74ca64]
V  [jvm.dll+0x409485]
V  [jvm.dll+0x40f4d8]
C  [java.dll+0x17ec]

Java frames: (J=compiled Java code, j=interpreted, Vv=VM code)
J 1172  java.lang.ClassLoader.defineClass1(Ljava/lang/ClassLoader;Ljava/lang/String;[BIILjava/security/ProtectionDomain;Ljava/lang/String;)Ljava/lang/Class; java.base@17.0.4.1 (0 bytes) @ 0x000001f940eb3b63 [0x000001f940eb3aa0+0x00000000000000c3]
J 1199 c1 java.lang.ClassLoader.defineClass(Ljava/lang/String;[BIILjava/security/ProtectionDomain;)Ljava/lang/Class; java.base@17.0.4.1 (43 bytes) @ 0x000001f940ec48ec [0x000001f940ec47e0+0x000000000000010c]
J 1191 c1 jdk.internal.loader.BuiltinClassLoader.defineClass(Ljava/lang/String;Ljdk/internal/loader/Resource;)Ljava/lang/Class; java.base@17.0.4.1 (121 bytes) @ 0x000001f940ec03f4 [0x000001f940ebff20+0x00000000000004d4]
J 1169 c1 jdk.internal.loader.BuiltinClassLoader.findClassOnClassPathOrNull(Ljava/lang/String;)Ljava/lang/Class; java.base@17.0.4.1 (64 bytes) @ 0x000001f940eb4ac4 [0x000001f940eb4800+0x00000000000002c4]
J 922 c1 jdk.internal.loader.BuiltinClassLoader.loadClassOrNull(Ljava/lang/String;Z)Ljava/lang/Class; java.base@17.0.4.1 (143 bytes) @ 0x000001f940e48104 [0x000001f940e47c80+0x0000000000000484]
J 1064 c1 jdk.internal.loader.ClassLoaders$AppClassLoader.loadClass(Ljava/lang/String;Z)Ljava/lang/Class; java.base@17.0.4.1 (40 bytes) @ 0x000001f940e840ac [0x000001f940e83f60+0x000000000000014c]
J 1061 c1 java.lang.ClassLoader.loadClass(Ljava/lang/String;)Ljava/lang/Class; java.base@17.0.4.1 (7 bytes) @ 0x000001f940e834e4 [0x000001f940e834a0+0x0000000000000044]
v  ~StubRoutines::call_stub
j  org.springframework.core.ResolvableType.forClassWithGenerics(Ljava/lang/Class;[Lorg/springframework/core/ResolvableType;)Lorg/springframework/core/ResolvableType;+121
j  org.springframework.core.ResolvableType.forClassWithGenerics(Ljava/lang/Class;[Ljava/lang/Class;)Lorg/springframework/core/ResolvableType;+43
j  org.springframework.boot.context.properties.bind.Bindable.mapOf(Ljava/lang/Class;Ljava/lang/Class;)Lorg/springframework/boot/context/properties/bind/Bindable;+14
j  org.springframework.boot.context.logging.LoggingApplicationListener.<clinit>()V+20
v  ~StubRoutines::call_stub
j  jdk.internal.reflect.NativeConstructorAccessorImpl.newInstance0(Ljava/lang/reflect/Constructor;[Ljava/lang/Object;)Ljava/lang/Object;+0 java.base@17.0.4.1
j  jdk.internal.reflect.NativeConstructorAccessorImpl.newInstance([Ljava/lang/Object;)Ljava/lang/Object;+118 java.base@17.0.4.1
j  jdk.internal.reflect.DelegatingConstructorAccessorImpl.newInstance([Ljava/lang/Object;)Ljava/lang/Object;+5 java.base@17.0.4.1
j  java.lang.reflect.Constructor.newInstanceWithCaller([Ljava/lang/Object;ZLjava/lang/Class;)Ljava/lang/Object;+65 java.base@17.0.4.1
j  java.lang.reflect.Constructor.newInstance([Ljava/lang/Object;)Ljava/lang/Object;+30 java.base@17.0.4.1
j  org.springframework.beans.BeanUtils.instantiateClass(Ljava/lang/reflect/Constructor;[Ljava/lang/Object;)Ljava/lang/Object;+128
j  org.springframework.boot.SpringApplication.createSpringFactoriesInstances(Ljava/lang/Class;[Ljava/lang/Class;Ljava/lang/ClassLoader;[Ljava/lang/Object;Ljava/util/Set;)Ljava/util/List;+73
j  org.springframework.boot.SpringApplication.getSpringFactoriesInstances(Ljava/lang/Class;[Ljava/lang/Class;[Ljava/lang/Object;)Ljava/util/Collection;+29
j  org.springframework.boot.SpringApplication.getSpringFactoriesInstances(Ljava/lang/Class;)Ljava/util/Collection;+10
j  org.springframework.boot.SpringApplication.<init>(Lorg/springframework/core/io/ResourceLoader;[Ljava/lang/Class;)V+142
j  org.springframework.boot.SpringApplication.<init>([Ljava/lang/Class;)V+3
j  org.springframework.boot.SpringApplication.run([Ljava/lang/Class;[Ljava/lang/String;)Lorg/springframework/context/ConfigurableApplicationContext;+5
j  org.springframework.boot.SpringApplication.run(Ljava/lang/Class;[Ljava/lang/String;)Lorg/springframework/context/ConfigurableApplicationContext;+9
j  com.example.springjwt.SpringjwtApplication.main([Ljava/lang/String;)V+3
v  ~StubRoutines::call_stub

---------------  P R O C E S S  ---------------

Threads class SMR info:
_java_thread_list=0x000001f9511ac4d0, length=16, elements={
0x000001f9391dd880, 0x000001f95011a5c0, 0x000001f95011bbd0, 0x000001f95012e2d0,
0x000001f950130e60, 0x000001f950132fc0, 0x000001f950134110, 0x000001f950138770,
0x000001f950139900, 0x000001f9500ff580, 0x000001f950ce1390, 0x000001f950ce38b0,
0x000001f950ce5dd0, 0x000001f951052430, 0x000001f951052900, 0x000001f9511e09d0
}

Java Threads: ( => current thread )
=>0x000001f9391dd880 JavaThread "main" [_thread_in_vm, id=22476, stack(0x00000053c9000000,0x00000053c9100000)]
  0x000001f95011a5c0 JavaThread "Reference Handler" daemon [_thread_blocked, id=22060, stack(0x00000053c9700000,0x00000053c9800000)]
  0x000001f95011bbd0 JavaThread "Finalizer" daemon [_thread_blocked, id=21804, stack(0x00000053c9800000,0x00000053c9900000)]
  0x000001f95012e2d0 JavaThread "Signal Dispatcher" daemon [_thread_blocked, id=20648, stack(0x00000053c9900000,0x00000053c9a00000)]
  0x000001f950130e60 JavaThread "Attach Listener" daemon [_thread_blocked, id=17324, stack(0x00000053c9a00000,0x00000053c9b00000)]
  0x000001f950132fc0 JavaThread "Service Thread" daemon [_thread_blocked, id=5608, stack(0x00000053c9b00000,0x00000053c9c00000)]
  0x000001f950134110 JavaThread "Monitor Deflation Thread" daemon [_thread_blocked, id=23036, stack(0x00000053c9c00000,0x00000053c9d00000)]
  0x000001f950138770 JavaThread "C1 CompilerThread0" daemon [_thread_blocked, id=24924, stack(0x00000053c9d00000,0x00000053c9e00000)]
  0x000001f950139900 JavaThread "Sweeper thread" daemon [_thread_blocked, id=6700, stack(0x00000053c9e00000,0x00000053c9f00000)]
  0x000001f9500ff580 JavaThread "Common-Cleaner" daemon [_thread_blocked, id=21472, stack(0x00000053c9f00000,0x00000053ca000000)]
  0x000001f950ce1390 JavaThread "C1 CompilerThread1" daemon [_thread_blocked, id=22872, stack(0x00000053ca000000,0x00000053ca100000)]
  0x000001f950ce38b0 JavaThread "C1 CompilerThread2" daemon [_thread_blocked, id=14344, stack(0x00000053ca100000,0x00000053ca200000)]
  0x000001f950ce5dd0 JavaThread "C1 CompilerThread3" daemon [_thread_blocked, id=4428, stack(0x00000053ca200000,0x00000053ca300000)]
  0x000001f951052430 JavaThread "Monitor Ctrl-Break" daemon [_thread_in_native, id=17504, stack(0x00000053ca300000,0x00000053ca400000)]
  0x000001f951052900 JavaThread "Notification Thread" daemon [_thread_blocked, id=23436, stack(0x00000053ca400000,0x00000053ca500000)]
  0x000001f9511e09d0 JavaThread "RMI TCP Accept-0" daemon [_thread_in_native, id=15668, stack(0x00000053ca500000,0x00000053ca600000)]

Other Threads:
  0x000001f950114960 VMThread "VM Thread" [stack: 0x00000053c9600000,0x00000053c9700000] [id=14668]
  0x000001f9391de4e0 WatcherThread [stack: 0x00000053ca600000,0x00000053ca700000] [id=22700]
  0x000001f939249840 GCTaskThread "GC Thread#0" [stack: 0x00000053c9100000,0x00000053c9200000] [id=19144]
  0x000001f93925a4d0 ConcurrentGCThread "G1 Main Marker" [stack: 0x00000053c9200000,0x00000053c9300000] [id=18552]
  0x000001f93925b680 ConcurrentGCThread "G1 Conc#0" [stack: 0x00000053c9300000,0x00000053c9400000] [id=2032]
  0x000001f9392aeb80 ConcurrentGCThread "G1 Refine#0" [stack: 0x00000053c9400000,0x00000053c9500000] [id=18676]
  0x000001f94ffcc770 ConcurrentGCThread "G1 Service" [stack: 0x00000053c9500000,0x00000053c9600000] [id=18388]

Threads with active compile tasks:

VM state: not at safepoint (normal execution)

VM Mutex/Monitor currently owned by a thread:  ([mutex/lock_event])
[0x000001f936f38ca0] Metaspace_lock - owner thread: 0x000001f9391dd880

Heap address: 0x0000000702a00000, size: 4054 MB, Compressed Oops mode: Zero based, Oop shift amount: 3

CDS archive(s) mapped at: [0x0000000800000000-0x0000000800bc0000-0x0000000800bc0000), size 12320768, SharedBaseAddress: 0x0000000800000000, ArchiveRelocationMode: 0.
Compressed class space mapped at: 0x0000000800c00000-0x0000000840c00000, reserved size: 1073741824
Narrow klass base: 0x0000000800000000, Narrow klass shift: 0, Narrow klass range: 0x100000000

GC Precious Log:
 CPUs: 12 total, 12 available
 Memory: 16215M
 Large Page Support: Disabled
 NUMA Support: Disabled
 Compressed Oops: Enabled (Zero based)
 Heap Region Size: 2M
 Heap Min Capacity: 8M
 Heap Initial Capacity: 254M
 Heap Max Capacity: 4054M
 Pre-touch: Disabled
 Parallel Workers: 10
 Concurrent Workers: 3
 Concurrent Refinement Workers: 10
 Periodic GC: Disabled

Heap:
 garbage-first heap   total 260096K, used 16384K [0x0000000702a00000, 0x0000000800000000)
  region size 2048K, 10 young (20480K), 0 survivors (0K)
 Metaspace       used 6206K, committed 6336K, reserved 1056768K
  class space    used 758K, committed 832K, reserved 1048576K

Heap Regions: E=young(eden), S=young(survivor), O=old, HS=humongous(starts), HC=humongous(continues), CS=collection set, F=free, OA=open archive, CA=closed archive, TAMS=top-at-mark-start (previous, next)
|   0|0x0000000702a00000, 0x0000000702a00000, 0x0000000702c00000|  0%| F|  |TAMS 0x0000000702a00000, 0x0000000702a00000| Untracked 
|   1|0x0000000702c00000, 0x0000000702c00000, 0x0000000702e00000|  0%| F|  |TAMS 0x0000000702c00000, 0x0000000702c00000| Untracked 
|   2|0x0000000702e00000, 0x0000000702e00000, 0x0000000703000000|  0%| F|  |TAMS 0x0000000702e00000, 0x0000000702e00000| Untracked 
|   3|0x0000000703000000, 0x0000000703000000, 0x0000000703200000|  0%| F|  |TAMS 0x0000000703000000, 0x0000000703000000| Untracked 
|   4|0x0000000703200000, 0x0000000703200000, 0x0000000703400000|  0%| F|  |TAMS 0x0000000703200000, 0x0000000703200000| Untracked 
|   5|0x0000000703400000, 0x0000000703400000, 0x0000000703600000|  0%| F|  |TAMS 0x0000000703400000, 0x0000000703400000| Untracked 
|   6|0x0000000703600000, 0x0000000703600000, 0x0000000703800000|  0%| F|  |TAMS 0x0000000703600000, 0x0000000703600000| Untracked 
|   7|0x0000000703800000, 0x0000000703800000, 0x0000000703a00000|  0%| F|  |TAMS 0x0000000703800000, 0x0000000703800000| Untracked 
|   8|0x0000000703a00000, 0x0000000703a00000, 0x0000000703c00000|  0%| F|  |TAMS 0x0000000703a00000, 0x0000000703a00000| Untracked 
|   9|0x0000000703c00000, 0x0000000703c00000, 0x0000000703e00000|  0%| F|  |TAMS 0x0000000703c00000, 0x0000000703c00000| Untracked 
|  10|0x0000000703e00000, 0x0000000703e00000, 0x0000000704000000|  0%| F|  |TAMS 0x0000000703e00000, 0x0000000703e00000| Untracked 
|  11|0x0000000704000000, 0x0000000704000000, 0x0000000704200000|  0%| F|  |TAMS 0x0000000704000000, 0x0000000704000000| Untracked 
|  12|0x0000000704200000, 0x0000000704200000, 0x0000000704400000|  0%| F|  |TAMS 0x0000000704200000, 0x0000000704200000| Untracked 
|  13|0x0000000704400000, 0x0000000704400000, 0x0000000704600000|  0%| F|  |TAMS 0x0000000704400000, 0x0000000704400000| Untracked 
|  14|0x0000000704600000, 0x0000000704600000, 0x0000000704800000|  0%| F|  |TAMS 0x0000000704600000, 0x0000000704600000| Untracked 
|  15|0x0000000704800000, 0x0000000704800000, 0x0000000704a00000|  0%| F|  |TAMS 0x0000000704800000, 0x0000000704800000| Untracked 
|  16|0x0000000704a00000, 0x0000000704a00000, 0x0000000704c00000|  0%| F|  |TAMS 0x0000000704a00000, 0x0000000704a00000| Untracked 
|  17|0x0000000704c00000, 0x0000000704c00000, 0x0000000704e00000|  0%| F|  |TAMS 0x0000000704c00000, 0x0000000704c00000| Untracked 
|  18|0x0000000704e00000, 0x0000000704e00000, 0x0000000705000000|  0%| F|  |TAMS 0x0000000704e00000, 0x0000000704e00000| Untracked 
|  19|0x0000000705000000, 0x0000000705000000, 0x0000000705200000|  0%| F|  |TAMS 0x0000000705000000, 0x0000000705000000| Untracked 
|  20|0x0000000705200000, 0x0000000705200000, 0x0000000705400000|  0%| F|  |TAMS 0x0000000705200000, 0x0000000705200000| Untracked 
|  21|0x0000000705400000, 0x0000000705400000, 0x0000000705600000|  0%| F|  |TAMS 0x0000000705400000, 0x0000000705400000| Untracked 
|  22|0x0000000705600000, 0x0000000705600000, 0x0000000705800000|  0%| F|  |TAMS 0x0000000705600000, 0x0000000705600000| Untracked 
|  23|0x0000000705800000, 0x0000000705800000, 0x0000000705a00000|  0%| F|  |TAMS 0x0000000705800000, 0x0000000705800000| Untracked 
|  24|0x0000000705a00000, 0x0000000705a00000, 0x0000000705c00000|  0%| F|  |TAMS 0x0000000705a00000, 0x0000000705a00000| Untracked 
|  25|0x0000000705c00000, 0x0000000705c00000, 0x0000000705e00000|  0%| F|  |TAMS 0x0000000705c00000, 0x0000000705c00000| Untracked 
|  26|0x0000000705e00000, 0x0000000705e00000, 0x0000000706000000|  0%| F|  |TAMS 0x0000000705e00000, 0x0000000705e00000| Untracked 
|  27|0x0000000706000000, 0x0000000706000000, 0x0000000706200000|  0%| F|  |TAMS 0x0000000706000000, 0x0000000706000000| Untracked 
|  28|0x0000000706200000, 0x0000000706200000, 0x0000000706400000|  0%| F|  |TAMS 0x0000000706200000, 0x0000000706200000| Untracked 
|  29|0x0000000706400000, 0x0000000706400000, 0x0000000706600000|  0%| F|  |TAMS 0x0000000706400000, 0x0000000706400000| Untracked 
|  30|0x0000000706600000, 0x0000000706600000, 0x0000000706800000|  0%| F|  |TAMS 0x0000000706600000, 0x0000000706600000| Untracked 
|  31|0x0000000706800000, 0x0000000706800000, 0x0000000706a00000|  0%| F|  |TAMS 0x0000000706800000, 0x0000000706800000| Untracked 
|  32|0x0000000706a00000, 0x0000000706a00000, 0x0000000706c00000|  0%| F|  |TAMS 0x0000000706a00000, 0x0000000706a00000| Untracked 
|  33|0x0000000706c00000, 0x0000000706c00000, 0x0000000706e00000|  0%| F|  |TAMS 0x0000000706c00000, 0x0000000706c00000| Untracked 
|  34|0x0000000706e00000, 0x0000000706e00000, 0x0000000707000000|  0%| F|  |TAMS 0x0000000706e00000, 0x0000000706e00000| Untracked 
|  35|0x0000000707000000, 0x0000000707000000, 0x0000000707200000|  0%| F|  |TAMS 0x0000000707000000, 0x0000000707000000| Untracked 
|  36|0x0000000707200000, 0x0000000707200000, 0x0000000707400000|  0%| F|  |TAMS 0x0000000707200000, 0x0000000707200000| Untracked 
|  37|0x0000000707400000, 0x0000000707400000, 0x0000000707600000|  0%| F|  |TAMS 0x0000000707400000, 0x0000000707400000| Untracked 
|  38|0x0000000707600000, 0x0000000707600000, 0x0000000707800000|  0%| F|  |TAMS 0x0000000707600000, 0x0000000707600000| Untracked 
|  39|0x0000000707800000, 0x0000000707800000, 0x0000000707a00000|  0%| F|  |TAMS 0x0000000707800000, 0x0000000707800000| Untracked 
|  40|0x0000000707a00000, 0x0000000707a00000, 0x0000000707c00000|  0%| F|  |TAMS 0x0000000707a00000, 0x0000000707a00000| Untracked 
|  41|0x0000000707c00000, 0x0000000707c00000, 0x0000000707e00000|  0%| F|  |TAMS 0x0000000707c00000, 0x0000000707c00000| Untracked 
|  42|0x0000000707e00000, 0x0000000707e00000, 0x0000000708000000|  0%| F|  |TAMS 0x0000000707e00000, 0x0000000707e00000| Untracked 
|  43|0x0000000708000000, 0x0000000708000000, 0x0000000708200000|  0%| F|  |TAMS 0x0000000708000000, 0x0000000708000000| Untracked 
|  44|0x0000000708200000, 0x0000000708200000, 0x0000000708400000|  0%| F|  |TAMS 0x0000000708200000, 0x0000000708200000| Untracked 
|  45|0x0000000708400000, 0x0000000708400000, 0x0000000708600000|  0%| F|  |TAMS 0x0000000708400000, 0x0000000708400000| Untracked 
|  46|0x0000000708600000, 0x0000000708600000, 0x0000000708800000|  0%| F|  |TAMS 0x0000000708600000, 0x0000000708600000| Untracked 
|  47|0x0000000708800000, 0x0000000708800000, 0x0000000708a00000|  0%| F|  |TAMS 0x0000000708800000, 0x0000000708800000| Untracked 
|  48|0x0000000708a00000, 0x0000000708a00000, 0x0000000708c00000|  0%| F|  |TAMS 0x0000000708a00000, 0x0000000708a00000| Untracked 
|  49|0x0000000708c00000, 0x0000000708c00000, 0x0000000708e00000|  0%| F|  |TAMS 0x0000000708c00000, 0x0000000708c00000| Untracked 
|  50|0x0000000708e00000, 0x0000000708e00000, 0x0000000709000000|  0%| F|  |TAMS 0x0000000708e00000, 0x0000000708e00000| Untracked 
|  51|0x0000000709000000, 0x0000000709000000, 0x0000000709200000|  0%| F|  |TAMS 0x0000000709000000, 0x0000000709000000| Untracked 
|  52|0x0000000709200000, 0x0000000709200000, 0x0000000709400000|  0%| F|  |TAMS 0x0000000709200000, 0x0000000709200000| Untracked 
|  53|0x0000000709400000, 0x0000000709400000, 0x0000000709600000|  0%| F|  |TAMS 0x0000000709400000, 0x0000000709400000| Untracked 
|  54|0x0000000709600000, 0x0000000709600000, 0x0000000709800000|  0%| F|  |TAMS 0x0000000709600000, 0x0000000709600000| Untracked 
|  55|0x0000000709800000, 0x0000000709800000, 0x0000000709a00000|  0%| F|  |TAMS 0x0000000709800000, 0x0000000709800000| Untracked 
|  56|0x0000000709a00000, 0x0000000709a00000, 0x0000000709c00000|  0%| F|  |TAMS 0x0000000709a00000, 0x0000000709a00000| Untracked 
|  57|0x0000000709c00000, 0x0000000709c00000, 0x0000000709e00000|  0%| F|  |TAMS 0x0000000709c00000, 0x0000000709c00000| Untracked 
|  58|0x0000000709e00000, 0x0000000709e00000, 0x000000070a000000|  0%| F|  |TAMS 0x0000000709e00000, 0x0000000709e00000| Untracked 
|  59|0x000000070a000000, 0x000000070a000000, 0x000000070a200000|  0%| F|  |TAMS 0x000000070a000000, 0x000000070a000000| Untracked 
|  60|0x000000070a200000, 0x000000070a200000, 0x000000070a400000|  0%| F|  |TAMS 0x000000070a200000, 0x000000070a200000| Untracked 
|  61|0x000000070a400000, 0x000000070a400000, 0x000000070a600000|  0%| F|  |TAMS 0x000000070a400000, 0x000000070a400000| Untracked 
|  62|0x000000070a600000, 0x000000070a600000, 0x000000070a800000|  0%| F|  |TAMS 0x000000070a600000, 0x000000070a600000| Untracked 
|  63|0x000000070a800000, 0x000000070a800000, 0x000000070aa00000|  0%| F|  |TAMS 0x000000070a800000, 0x000000070a800000| Untracked 
|  64|0x000000070aa00000, 0x000000070aa00000, 0x000000070ac00000|  0%| F|  |TAMS 0x000000070aa00000, 0x000000070aa00000| Untracked 
|  65|0x000000070ac00000, 0x000000070ac00000, 0x000000070ae00000|  0%| F|  |TAMS 0x000000070ac00000, 0x000000070ac00000| Untracked 
|  66|0x000000070ae00000, 0x000000070ae00000, 0x000000070b000000|  0%| F|  |TAMS 0x000000070ae00000, 0x000000070ae00000| Untracked 
|  67|0x000000070b000000, 0x000000070b000000, 0x000000070b200000|  0%| F|  |TAMS 0x000000070b000000, 0x000000070b000000| Untracked 
|  68|0x000000070b200000, 0x000000070b200000, 0x000000070b400000|  0%| F|  |TAMS 0x000000070b200000, 0x000000070b200000| Untracked 
|  69|0x000000070b400000, 0x000000070b400000, 0x000000070b600000|  0%| F|  |TAMS 0x000000070b400000, 0x000000070b400000| Untracked 
|  70|0x000000070b600000, 0x000000070b600000, 0x000000070b800000|  0%| F|  |TAMS 0x000000070b600000, 0x000000070b600000| Untracked 
|  71|0x000000070b800000, 0x000000070b800000, 0x000000070ba00000|  0%| F|  |TAMS 0x000000070b800000, 0x000000070b800000| Untracked 
|  72|0x000000070ba00000, 0x000000070ba00000, 0x000000070bc00000|  0%| F|  |TAMS 0x000000070ba00000, 0x000000070ba00000| Untracked 
|  73|0x000000070bc00000, 0x000000070bc00000, 0x000000070be00000|  0%| F|  |TAMS 0x000000070bc00000, 0x000000070bc00000| Untracked 
|  74|0x000000070be00000, 0x000000070be00000, 0x000000070c000000|  0%| F|  |TAMS 0x000000070be00000, 0x000000070be00000| Untracked 
|  75|0x000000070c000000, 0x000000070c000000, 0x000000070c200000|  0%| F|  |TAMS 0x000000070c000000, 0x000000070c000000| Untracked 
|  76|0x000000070c200000, 0x000000070c200000, 0x000000070c400000|  0%| F|  |TAMS 0x000000070c200000, 0x000000070c200000| Untracked 
|  77|0x000000070c400000, 0x000000070c400000, 0x000000070c600000|  0%| F|  |TAMS 0x000000070c400000, 0x000000070c400000| Untracked 
|  78|0x000000070c600000, 0x000000070c600000, 0x000000070c800000|  0%| F|  |TAMS 0x000000070c600000, 0x000000070c600000| Untracked 
|  79|0x000000070c800000, 0x000000070c800000, 0x000000070ca00000|  0%| F|  |TAMS 0x000000070c800000, 0x000000070c800000| Untracked 
|  80|0x000000070ca00000, 0x000000070ca00000, 0x000000070cc00000|  0%| F|  |TAMS 0x000000070ca00000, 0x000000070ca00000| Untracked 
|  81|0x000000070cc00000, 0x000000070cc00000, 0x000000070ce00000|  0%| F|  |TAMS 0x000000070cc00000, 0x000000070cc00000| Untracked 
|  82|0x000000070ce00000, 0x000000070ce00000, 0x000000070d000000|  0%| F|  |TAMS 0x000000070ce00000, 0x000000070ce00000| Untracked 
|  83|0x000000070d000000, 0x000000070d000000, 0x000000070d200000|  0%| F|  |TAMS 0x000000070d000000, 0x000000070d000000| Untracked 
|  84|0x000000070d200000, 0x000000070d200000, 0x000000070d400000|  0%| F|  |TAMS 0x000000070d200000, 0x000000070d200000| Untracked 
|  85|0x000000070d400000, 0x000000070d400000, 0x000000070d600000|  0%| F|  |TAMS 0x000000070d400000, 0x000000070d400000| Untracked 
|  86|0x000000070d600000, 0x000000070d600000, 0x000000070d800000|  0%| F|  |TAMS 0x000000070d600000, 0x000000070d600000| Untracked 
|  87|0x000000070d800000, 0x000000070d800000, 0x000000070da00000|  0%| F|  |TAMS 0x000000070d800000, 0x000000070d800000| Untracked 
|  88|0x000000070da00000, 0x000000070da00000, 0x000000070dc00000|  0%| F|  |TAMS 0x000000070da00000, 0x000000070da00000| Untracked 
|  89|0x000000070dc00000, 0x000000070dc00000, 0x000000070de00000|  0%| F|  |TAMS 0x000000070dc00000, 0x000000070dc00000| Untracked 
|  90|0x000000070de00000, 0x000000070de00000, 0x000000070e000000|  0%| F|  |TAMS 0x000000070de00000, 0x000000070de00000| Untracked 
|  91|0x000000070e000000, 0x000000070e000000, 0x000000070e200000|  0%| F|  |TAMS 0x000000070e000000, 0x000000070e000000| Untracked 
|  92|0x000000070e200000, 0x000000070e200000, 0x000000070e400000|  0%| F|  |TAMS 0x000000070e200000, 0x000000070e200000| Untracked 
|  93|0x000000070e400000, 0x000000070e400000, 0x000000070e600000|  0%| F|  |TAMS 0x000000070e400000, 0x000000070e400000| Untracked 
|  94|0x000000070e600000, 0x000000070e600000, 0x000000070e800000|  0%| F|  |TAMS 0x000000070e600000, 0x000000070e600000| Untracked 
|  95|0x000000070e800000, 0x000000070e800000, 0x000000070ea00000|  0%| F|  |TAMS 0x000000070e800000, 0x000000070e800000| Untracked 
|  96|0x000000070ea00000, 0x000000070ea00000, 0x000000070ec00000|  0%| F|  |TAMS 0x000000070ea00000, 0x000000070ea00000| Untracked 
|  97|0x000000070ec00000, 0x000000070ec00000, 0x000000070ee00000|  0%| F|  |TAMS 0x000000070ec00000, 0x000000070ec00000| Untracked 
|  98|0x000000070ee00000, 0x000000070ee00000, 0x000000070f000000|  0%| F|  |TAMS 0x000000070ee00000, 0x000000070ee00000| Untracked 
|  99|0x000000070f000000, 0x000000070f000000, 0x000000070f200000|  0%| F|  |TAMS 0x000000070f000000, 0x000000070f000000| Untracked 
| 100|0x000000070f200000, 0x000000070f200000, 0x000000070f400000|  0%| F|  |TAMS 0x000000070f200000, 0x000000070f200000| Untracked 
| 101|0x000000070f400000, 0x000000070f400000, 0x000000070f600000|  0%| F|  |TAMS 0x000000070f400000, 0x000000070f400000| Untracked 
| 102|0x000000070f600000, 0x000000070f600000, 0x000000070f800000|  0%| F|  |TAMS 0x000000070f600000, 0x000000070f600000| Untracked 
| 103|0x000000070f800000, 0x000000070f800000, 0x000000070fa00000|  0%| F|  |TAMS 0x000000070f800000, 0x000000070f800000| Untracked 
| 104|0x000000070fa00000, 0x000000070fa00000, 0x000000070fc00000|  0%| F|  |TAMS 0x000000070fa00000, 0x000000070fa00000| Untracked 
| 105|0x000000070fc00000, 0x000000070fc00000, 0x000000070fe00000|  0%| F|  |TAMS 0x000000070fc00000, 0x000000070fc00000| Untracked 
| 106|0x000000070fe00000, 0x000000070fe00000, 0x0000000710000000|  0%| F|  |TAMS 0x000000070fe00000, 0x000000070fe00000| Untracked 
| 107|0x0000000710000000, 0x0000000710000000, 0x0000000710200000|  0%| F|  |TAMS 0x0000000710000000, 0x0000000710000000| Untracked 
| 108|0x0000000710200000, 0x0000000710200000, 0x0000000710400000|  0%| F|  |TAMS 0x0000000710200000, 0x0000000710200000| Untracked 
| 109|0x0000000710400000, 0x0000000710400000, 0x0000000710600000|  0%| F|  |TAMS 0x0000000710400000, 0x0000000710400000| Untracked 
| 110|0x0000000710600000, 0x0000000710600000, 0x0000000710800000|  0%| F|  |TAMS 0x0000000710600000, 0x0000000710600000| Untracked 
| 111|0x0000000710800000, 0x0000000710800000, 0x0000000710a00000|  0%| F|  |TAMS 0x0000000710800000, 0x0000000710800000| Untracked 
| 112|0x0000000710a00000, 0x0000000710a00000, 0x0000000710c00000|  0%| F|  |TAMS 0x0000000710a00000, 0x0000000710a00000| Untracked 
| 113|0x0000000710c00000, 0x0000000710c00000, 0x0000000710e00000|  0%| F|  |TAMS 0x0000000710c00000, 0x0000000710c00000| Untracked 
| 114|0x0000000710e00000, 0x0000000710e00000, 0x0000000711000000|  0%| F|  |TAMS 0x0000000710e00000, 0x0000000710e00000| Untracked 
| 115|0x0000000711000000, 0x0000000711000000, 0x0000000711200000|  0%| F|  |TAMS 0x0000000711000000, 0x0000000711000000| Untracked 
| 116|0x0000000711200000, 0x0000000711200000, 0x0000000711400000|  0%| F|  |TAMS 0x0000000711200000, 0x0000000711200000| Untracked 
| 117|0x0000000711400000, 0x00000007114e30a8, 0x0000000711600000| 44%| E|  |TAMS 0x0000000711400000, 0x0000000711400000| Complete 
| 118|0x0000000711600000, 0x0000000711800000, 0x0000000711800000|100%| E|CS|TAMS 0x0000000711600000, 0x0000000711600000| Complete 
| 119|0x0000000711800000, 0x0000000711a00000, 0x0000000711a00000|100%| E|CS|TAMS 0x0000000711800000, 0x0000000711800000| Complete 
| 120|0x0000000711a00000, 0x0000000711c00000, 0x0000000711c00000|100%| E|CS|TAMS 0x0000000711a00000, 0x0000000711a00000| Complete 
| 121|0x0000000711c00000, 0x0000000711e00000, 0x0000000711e00000|100%| E|CS|TAMS 0x0000000711c00000, 0x0000000711c00000| Complete 
| 122|0x0000000711e00000, 0x0000000712000000, 0x0000000712000000|100%| E|CS|TAMS 0x0000000711e00000, 0x0000000711e00000| Complete 
| 123|0x0000000712000000, 0x0000000712200000, 0x0000000712200000|100%| E|CS|TAMS 0x0000000712000000, 0x0000000712000000| Complete 
| 124|0x0000000712200000, 0x0000000712400000, 0x0000000712400000|100%| E|CS|TAMS 0x0000000712200000, 0x0000000712200000| Complete 
| 125|0x0000000712400000, 0x0000000712600000, 0x0000000712600000|100%| E|  |TAMS 0x0000000712400000, 0x0000000712400000| Complete 
| 126|0x0000000712600000, 0x0000000712800000, 0x0000000712800000|100%| E|CS|TAMS 0x0000000712600000, 0x0000000712600000| Complete 

Card table byte_map: [0x000001f944570000,0x000001f944d60000] _byte_map_base: 0x000001f940d5b000

Marking Bits (Prev, Next): (CMBitMap*) 0x000001f939249e50, (CMBitMap*) 0x000001f939249e90
 Prev Bits: [0x000001f945550000, 0x000001f9494a8000)
 Next Bits: [0x000001f9494b0000, 0x000001f94d408000)

Polling page: 0x000001f936ee0000

Metaspace:

Usage:
  Non-class:      5.32 MB used.
      Class:    758.62 KB used.
       Both:      6.06 MB used.

Virtual space:
  Non-class space:        8.00 MB reserved,       5.38 MB ( 67%) committed,  1 nodes.
      Class space:        1.00 GB reserved,     832.00 KB ( <1%) committed,  1 nodes.
             Both:        1.01 GB reserved,       6.19 MB ( <1%) committed. 

Chunk freelists:
   Non-Class:  1.67 MB
       Class:  3.06 MB
        Both:  4.73 MB

MaxMetaspaceSize: unlimited
CompressedClassSpaceSize: 1.00 GB
Initial GC threshold: 21.00 MB
Current GC threshold: 21.00 MB
CDS: on
MetaspaceReclaimPolicy: balanced
 - commit_granule_bytes: 65536.
 - commit_granule_words: 8192.
 - virtual_space_node_default_size: 1048576.
 - enlarge_chunks_in_place: 1.
 - new_chunks_are_fully_committed: 0.
 - uncommit_free_chunks: 1.
 - use_allocation_guard: 0.
 - handle_deallocations: 1.


Internal statistics:

num_allocs_failed_limit: 0.
num_arena_births: 94.
num_arena_deaths: 0.
num_vsnodes_births: 2.
num_vsnodes_deaths: 0.
num_space_committed: 99.
num_space_uncommitted: 0.
num_chunks_returned_to_freelist: 0.
num_chunks_taken_from_freelist: 176.
num_chunk_merges: 0.
num_chunk_splits: 113.
num_chunks_enlarged: 74.
num_purges: 0.
num_inconsistent_stats: 0.

CodeCache: size=49152Kb used=4564Kb max_used=4564Kb free=44587Kb
 bounds [0x000001f940a50000, 0x000001f940ed0000, 0x000001f943a50000]
 total_blobs=1652 nmethods=1201 adapters=376
 compilation: enabled
              stopped_count=0, restarted_count=0
 full_count=0

Compilation events (20 events):
Event: 0.753 Thread 0x000001f950ce5dd0 nmethod 1186 0x000001f940ebe310 code [0x000001f940ebe5a0, 0x000001f940ebee58]
Event: 0.753 Thread 0x000001f950ce5dd0 1194       1       jdk.internal.loader.BuiltinClassLoader::getAndVerifyPackage (113 bytes)
Event: 0.754 Thread 0x000001f950ce38b0 nmethod 1193 0x000001f940ebf290 code [0x000001f940ebf4c0, 0x000001f940ebfa38]
Event: 0.754 Thread 0x000001f950ce38b0 1195       1       java.lang.ClassLoader::getDefinedPackage (36 bytes)
Event: 0.754 Thread 0x000001f950138770 nmethod 1191 0x000001f940ebfc90 code [0x000001f940ebff20, 0x000001f940ec06a8]
Event: 0.754 Thread 0x000001f950138770 1196       1       jdk.internal.loader.Resource::getByteBuffer (24 bytes)
Event: 0.754 Thread 0x000001f950ce5dd0 nmethod 1194 0x000001f940ec0b90 code [0x000001f940ec0e40, 0x000001f940ec1728]
Event: 0.754 Thread 0x000001f950ce5dd0 1198       1       java.lang.Thread::interrupted (23 bytes)
Event: 0.754 Thread 0x000001f950ce38b0 nmethod 1195 0x000001f940ec1b10 code [0x000001f940ec1ce0, 0x000001f940ec1f28]
Event: 0.754 Thread 0x000001f950ce38b0 1199       1       java.lang.ClassLoader::defineClass (43 bytes)
Event: 0.754 Thread 0x000001f950ce1390 nmethod 1197 0x000001f940ec2090 code [0x000001f940ec2300, 0x000001f940ec2f48]
Event: 0.754 Thread 0x000001f950ce5dd0 nmethod 1198 0x000001f940ec3710 code [0x000001f940ec38a0, 0x000001f940ec3988]
Event: 0.754 Thread 0x000001f950ce1390 1200       1       jdk.internal.loader.URLClassPath$JarLoader$2::getCodeSourceURL (8 bytes)
Event: 0.754 Thread 0x000001f950ce5dd0 1201       1       jdk.internal.loader.URLClassPath$JarLoader$2::getManifest (26 bytes)
Event: 0.754 Thread 0x000001f950138770 nmethod 1196 0x000001f940ec3a10 code [0x000001f940ec3be0, 0x000001f940ec3f38]
Event: 0.754 Thread 0x000001f950138770 1202       1       jdk.internal.loader.URLClassPath$JarLoader$2::getCodeSigners (8 bytes)
Event: 0.754 Thread 0x000001f950ce1390 nmethod 1200 0x000001f940ec4010 code [0x000001f940ec41a0, 0x000001f940ec4278]
Event: 0.754 Thread 0x000001f950138770 nmethod 1202 0x000001f940ec4310 code [0x000001f940ec44a0, 0x000001f940ec4588]
Event: 0.754 Thread 0x000001f950ce38b0 nmethod 1199 0x000001f940ec4610 code [0x000001f940ec47e0, 0x000001f940ec49f8]
Event: 0.755 Thread 0x000001f950ce5dd0 nmethod 1201 0x000001f940ec4c10 code [0x000001f940ec4e00, 0x000001f940ec50c8]

GC Heap History (0 events):
No events

Deoptimization events (0 events):
No events

Classes unloaded (0 events):
No events

Classes redefined (0 events):
No events

Internal exceptions (14 events):
Event: 0.276 Thread 0x000001f951052430 Exception <a 'java/lang/NoSuchMethodError'{0x00000007121d7d80}: 'java.lang.Object java.lang.invoke.DirectMethodHandle$Holder.invokeStaticInit(java.lang.Object)'> (0x00000007121d7d80) 
thrown [s\open\src\hotspot\share\interpreter\linkResolver.cpp, line 759]
Event: 0.286 Thread 0x000001f951052430 Exception <a 'java/lang/NoSuchMethodError'{0x00000007121e59e0}: 'void java.lang.invoke.DirectMethodHandle$Holder.invokeStatic(java.lang.Object, java.lang.Object)'> (0x00000007121e59e0) 
thrown [s\open\src\hotspot\share\interpreter\linkResolver.cpp, line 759]
Event: 0.326 Thread 0x000001f9391dd880 Exception <a 'java/lang/NoSuchMethodError'{0x00000007121a0030}: 'int java.lang.invoke.DirectMethodHandle$Holder.invokeInterface(java.lang.Object, java.lang.Object)'> (0x00000007121a0030) 
thrown [s\open\src\hotspot\share\interpreter\linkResolver.cpp, line 759]
Event: 0.327 Thread 0x000001f9391dd880 Exception <a 'java/lang/IncompatibleClassChangeError'{0x00000007121a3630}: Found class java.lang.Object, but interface was expected> (0x00000007121a3630) 
thrown [s\open\src\hotspot\share\interpreter\linkResolver.cpp, line 826]
Event: 0.384 Thread 0x000001f9391dd880 Exception <a 'java/lang/NoSuchMethodError'{0x0000000711e9b5e0}: 'int java.lang.invoke.DirectMethodHandle$Holder.invokeSpecial(java.lang.Object, java.lang.Object, java.lang.Object)'> (0x0000000711e9b5e0) 
thrown [s\open\src\hotspot\share\interpreter\linkResolver.cpp, line 759]
Event: 0.426 Thread 0x000001f9391dd880 Exception <a 'java/lang/NoSuchMethodError'{0x0000000711f953f8}: 'void java.lang.invoke.DirectMethodHandle$Holder.invokeStatic(java.lang.Object, java.lang.Object, java.lang.Object)'> (0x0000000711f953f8) 
thrown [s\open\src\hotspot\share\interpreter\linkResolver.cpp, line 759]
Event: 0.436 Thread 0x000001f9391dd880 Exception <a 'java/lang/NoSuchMethodError'{0x0000000711fd2070}: 'int java.lang.invoke.DirectMethodHandle$Holder.invokeSpecialIFC(java.lang.Object, java.lang.Object, java.lang.Object)'> (0x0000000711fd2070) 
thrown [s\open\src\hotspot\share\interpreter\linkResolver.cpp, line 759]
Event: 0.458 Thread 0x000001f9391dd880 Exception <a 'java/lang/NoSuchMethodError'{0x0000000711c47ec0}: 'java.lang.Object java.lang.invoke.DirectMethodHandle$Holder.invokeStaticInit(java.lang.Object, int, int, int, int)'> (0x0000000711c47ec0) 
thrown [s\open\src\hotspot\share\interpreter\linkResolver.cpp, line 759]
Event: 0.519 Thread 0x000001f9391dd880 Exception <a 'java/lang/NoSuchMethodError'{0x0000000711d24d18}: 'java.lang.Object java.lang.invoke.DirectMethodHandle$Holder.invokeStaticInit(java.lang.Object, java.lang.Object, int, int, int, int)'> (0x0000000711d24d18) 
thrown [s\open\src\hotspot\share\interpreter\linkResolver.cpp, line 759]
Event: 0.540 Thread 0x000001f9391dd880 Exception <a 'java/lang/ClassNotFoundException'{0x0000000711d43498}: javax/management/remote/rmi/RMIServerImpl_Skel> (0x0000000711d43498) 
thrown [s\open\src\hotspot\share\classfile\systemDictionary.cpp, line 256]
Event: 0.616 Thread 0x000001f9391dd880 Exception <a 'java/lang/ClassNotFoundException'{0x0000000711b3d960}: javax/smartcardio/CardPermission> (0x0000000711b3d960) 
thrown [s\open\src\hotspot\share\classfile\systemDictionary.cpp, line 256]
Event: 0.619 Thread 0x000001f9391dd880 Exception <a 'java/io/FileNotFoundException'{0x0000000711b4bf20}> (0x0000000711b4bf20) 
thrown [s\open\src\hotspot\share\prims\jni.cpp, line 516]
Event: 0.709 Thread 0x000001f9391dd880 Exception <a 'java/lang/NoSuchMethodError'{0x00000007116844d8}: 'java.lang.Object java.lang.invoke.DirectMethodHandle$Holder.invokeSpecialIFC(java.lang.Object, java.lang.Object, java.lang.Object, java.lang.Object)'> (0x00000007116844d8) 
thrown [s\open\src\hotspot\share\interpreter\linkResolver.cpp, line 759]
Event: 0.725 Thread 0x000001f9391dd880 Exception <a 'java/lang/NoSuchMethodError'{0x00000007117308b8}: 'int java.lang.invoke.DirectMethodHandle$Holder.invokeStaticInit(java.lang.Object, java.lang.Object)'> (0x00000007117308b8) 
thrown [s\open\src\hotspot\share\interpreter\linkResolver.cpp, line 759]

VM Operations (6 events):
Event: 0.274 Executing VM operation: HandshakeAllThreads
Event: 0.274 Executing VM operation: HandshakeAllThreads done
Event: 0.448 Executing VM operation: HandshakeAllThreads
Event: 0.448 Executing VM operation: HandshakeAllThreads done
Event: 0.699 Executing VM operation: HandshakeAllThreads
Event: 0.699 Executing VM operation: HandshakeAllThreads done

Events (20 events):
Event: 0.700 loading class sun/net/www/protocol/jar/JarURLConnection$JarURLInputStream
Event: 0.700 loading class sun/net/www/protocol/jar/JarURLConnection$JarURLInputStream done
Event: 0.711 loading class java/lang/invoke/DirectMethodHandle$Special
Event: 0.712 loading class java/lang/invoke/DirectMethodHandle$Special done
Event: 0.720 loading class java/lang/InstantiationException
Event: 0.720 loading class java/lang/InstantiationException done
Event: 0.723 loading class java/lang/Byte$ByteCache
Event: 0.723 loading class java/lang/Byte$ByteCache done
Event: 0.723 loading class java/lang/Short$ShortCache
Event: 0.723 loading class java/lang/Short$ShortCache done
Event: 0.724 loading class java/lang/reflect/UndeclaredThrowableException
Event: 0.724 loading class java/lang/reflect/UndeclaredThrowableException done
Event: 0.739 loading class java/lang/FunctionalInterface
Event: 0.739 loading class java/lang/FunctionalInterface done
Event: 0.741 loading class java/util/NoSuchElementException
Event: 0.741 loading class java/util/NoSuchElementException done
Event: 0.756 loading class java/lang/TypeNotPresentException
Event: 0.756 loading class java/lang/TypeNotPresentException done
Event: 0.758 loading class java/lang/reflect/WildcardType
Event: 0.758 loading class java/lang/reflect/WildcardType done


Dynamic libraries:
0x00007ff7efb90000 - 0x00007ff7efba0000 	C:\Program Files\Java\jdk-17.0.4.1\bin\java.exe
0x00007fff59570000 - 0x00007fff59768000 	C:\Windows\SYSTEM32\ntdll.dll
0x00007fff59220000 - 0x00007fff592dd000 	C:\Windows\System32\KERNEL32.DLL
0x00007fff56d90000 - 0x00007fff5705e000 	C:\Windows\System32\KERNELBASE.dll
0x00007fff57480000 - 0x00007fff57580000 	C:\Windows\System32\ucrtbase.dll
0x00007fff33d10000 - 0x00007fff33d2a000 	C:\Program Files\Java\jdk-17.0.4.1\bin\VCRUNTIME140.dll
0x00007fff34890000 - 0x00007fff348a8000 	C:\Program Files\Java\jdk-17.0.4.1\bin\jli.dll
0x00007fff587c0000 - 0x00007fff5886e000 	C:\Windows\System32\ADVAPI32.dll
0x00007fff57a20000 - 0x00007fff57abe000 	C:\Windows\System32\msvcrt.dll
0x00007fff59490000 - 0x00007fff5952c000 	C:\Windows\System32\sechost.dll
0x00007fff57ac0000 - 0x00007fff57be5000 	C:\Windows\System32\RPCRT4.dll
0x00007fff57690000 - 0x00007fff57830000 	C:\Windows\System32\USER32.dll
0x00007fff452e0000 - 0x00007fff4557a000 	C:\Windows\WinSxS\amd64_microsoft.windows.common-controls_6595b64144ccf1df_6.0.19041.1110_none_60b5254171f9507e\COMCTL32.dll
0x00007fff57260000 - 0x00007fff57282000 	C:\Windows\System32\win32u.dll
0x00007fff57940000 - 0x00007fff5796a000 	C:\Windows\System32\GDI32.dll
0x00007fff57340000 - 0x00007fff5744b000 	C:\Windows\System32\gdi32full.dll
0x00007fff571c0000 - 0x00007fff5725d000 	C:\Windows\System32\msvcp_win.dll
0x00007fff4f420000 - 0x00007fff4f42a000 	C:\Windows\SYSTEM32\VERSION.dll
0x00007fff57970000 - 0x00007fff579a0000 	C:\Windows\System32\IMM32.DLL
0x00007fff36380000 - 0x00007fff3638c000 	C:\Program Files\Java\jdk-17.0.4.1\bin\vcruntime140_1.dll
0x00007fff26020000 - 0x00007fff260ad000 	C:\Program Files\Java\jdk-17.0.4.1\bin\msvcp140.dll
0x00007ffed1ca0000 - 0x00007ffed2862000 	C:\Program Files\Java\jdk-17.0.4.1\bin\server\jvm.dll
0x00007fff57680000 - 0x00007fff57688000 	C:\Windows\System32\PSAPI.DLL
0x00007fff45730000 - 0x00007fff45757000 	C:\Windows\SYSTEM32\WINMM.dll
0x00007fff545c0000 - 0x00007fff545c9000 	C:\Windows\SYSTEM32\WSOCK32.dll
0x00007fff58a60000 - 0x00007fff58acb000 	C:\Windows\System32\WS2_32.dll
0x00007fff54b50000 - 0x00007fff54b62000 	C:\Windows\SYSTEM32\kernel.appcore.dll
0x00007fff36050000 - 0x00007fff3605a000 	C:\Program Files\Java\jdk-17.0.4.1\bin\jimage.dll
0x00007fff54390000 - 0x00007fff54574000 	C:\Windows\SYSTEM32\DBGHELP.DLL
0x00007fff41e50000 - 0x00007fff41e7c000 	C:\Windows\SYSTEM32\dbgcore.DLL
0x00007fff56d00000 - 0x00007fff56d82000 	C:\Windows\System32\bcryptPrimitives.dll
0x00007fff34c60000 - 0x00007fff34c6e000 	C:\Program Files\Java\jdk-17.0.4.1\bin\instrument.dll
0x00007fff33010000 - 0x00007fff33035000 	C:\Program Files\Java\jdk-17.0.4.1\bin\java.dll
0x00007fff24da0000 - 0x00007fff24e76000 	C:\Program Files\Java\jdk-17.0.4.1\bin\jsvml.dll
0x00007fff58ad0000 - 0x00007fff59214000 	C:\Windows\System32\SHELL32.dll
0x00007fff54d50000 - 0x00007fff554e4000 	C:\Windows\SYSTEM32\windows.storage.dll
0x00007fff57f20000 - 0x00007fff58274000 	C:\Windows\System32\combase.dll
0x00007fff566f0000 - 0x00007fff56720000 	C:\Windows\SYSTEM32\Wldp.dll
0x00007fff589a0000 - 0x00007fff58a4d000 	C:\Windows\System32\SHCORE.dll
0x00007fff57830000 - 0x00007fff57885000 	C:\Windows\System32\shlwapi.dll
0x00007fff56bd0000 - 0x00007fff56bef000 	C:\Windows\SYSTEM32\profapi.dll
0x00007fff335c0000 - 0x00007fff335d8000 	C:\Program Files\Java\jdk-17.0.4.1\bin\zip.dll
0x00007fff33cb0000 - 0x00007fff33cc9000 	C:\Program Files\Java\jdk-17.0.4.1\bin\net.dll
0x00007fff4eec0000 - 0x00007fff4efca000 	C:\Windows\SYSTEM32\WINHTTP.dll
0x00007fff56430000 - 0x00007fff5649a000 	C:\Windows\system32\mswsock.dll
0x00007fff33ac0000 - 0x00007fff33ad6000 	C:\Program Files\Java\jdk-17.0.4.1\bin\nio.dll
0x00007fff33d50000 - 0x00007fff33d6a000 	C:\Program Files\JetBrains\IntelliJ IDEA 2022.2.1\bin\breakgen64.dll
0x00007fff56110000 - 0x00007fff561da000 	C:\Windows\SYSTEM32\DNSAPI.dll
0x00007fff560c0000 - 0x00007fff560fb000 	C:\Windows\SYSTEM32\IPHLPAPI.DLL
0x00007fff58a50000 - 0x00007fff58a58000 	C:\Windows\System32\NSI.dll
0x0000000054eb0000 - 0x0000000054eba000 	C:\Program Files\National Instruments\Shared\mDNS Responder\nimdnsNSP.dll
0x0000000054ea0000 - 0x0000000054eb0000 	C:\Windows\SYSTEM32\nimdnsResponder.dll
0x00007fff4f510000 - 0x00007fff4f51a000 	C:\Windows\System32\rasadhlp.dll
0x00007fff4b9e0000 - 0x00007fff4ba60000 	C:\Windows\System32\fwpuclnt.dll
0x00007fff57450000 - 0x00007fff57477000 	C:\Windows\System32\bcrypt.dll
0x00007fff34c50000 - 0x00007fff34c59000 	C:\Program Files\Java\jdk-17.0.4.1\bin\management.dll
0x00007fff34860000 - 0x00007fff3486b000 	C:\Program Files\Java\jdk-17.0.4.1\bin\management_ext.dll
0x00007fff56640000 - 0x00007fff56658000 	C:\Windows\SYSTEM32\CRYPTSP.dll
0x00007fff55d20000 - 0x00007fff55d54000 	C:\Windows\system32\rsaenh.dll
0x00007fff56b50000 - 0x00007fff56b7e000 	C:\Windows\SYSTEM32\USERENV.dll
0x00007fff56660000 - 0x00007fff5666c000 	C:\Windows\SYSTEM32\CRYPTBASE.dll
0x00007fff4f340000 - 0x00007fff4f357000 	C:\Windows\SYSTEM32\dhcpcsvc6.DLL
0x00007fff4f320000 - 0x00007fff4f33d000 	C:\Windows\SYSTEM32\dhcpcsvc.DLL
0x00007fff29da0000 - 0x00007fff29db7000 	C:\Windows\system32\napinsp.dll
0x00007fff29d80000 - 0x00007fff29d9b000 	C:\Windows\system32\pnrpnsp.dll
0x00007fff51a40000 - 0x00007fff51a55000 	C:\Windows\system32\wshbth.dll
0x00007fff52580000 - 0x00007fff5259d000 	C:\Windows\system32\NLAapi.dll
0x00007fff29d60000 - 0x00007fff29d72000 	C:\Windows\System32\winrnr.dll
0x00007fff34ab0000 - 0x00007fff34ac0000 	C:\Program Files\Java\jdk-17.0.4.1\bin\verify.dll

dbghelp: loaded successfully - version: 4.0.5 - missing functions: none
symbol engine: initialized successfully - sym options: 0x614 - pdb path: .;C:\Program Files\Java\jdk-17.0.4.1\bin;C:\Windows\SYSTEM32;C:\Windows\WinSxS\amd64_microsoft.windows.common-controls_6595b64144ccf1df_6.0.19041.1110_none_60b5254171f9507e;C:\Program Files\Java\jdk-17.0.4.1\bin\server;C:\Program Files\JetBrains\IntelliJ IDEA 2022.2.1\bin;C:\Program Files\National Instruments\Shared\mDNS Responder

VM Arguments:
jvm_args: -XX:TieredStopAtLevel=1 -Dspring.output.ansi.enabled=always -Dcom.sun.management.jmxremote -Dspring.jmx.enabled=true -Dspring.liveBeansView.mbeanDomain -Dspring.application.admin.enabled=true -javaagent:C:\Program Files\JetBrains\IntelliJ IDEA 2022.2.1\lib\idea_rt.jar=64428:C:\Program Files\JetBrains\IntelliJ IDEA 2022.2.1\bin -Dfile.encoding=UTF-8 
java_command: com.example.springjwt.SpringjwtApplication
java_class_path (initial): D:\web\backend\springjwt\target\classes;C:\Users\abdelkhalek\.m2\repository\org\springframework\boot\spring-boot-starter-data-jpa\2.7.3\spring-boot-starter-data-jpa-2.7.3.jar;C:\Users\abdelkhalek\.m2\repository\org\springframework\boot\spring-boot-starter-aop\2.7.3\spring-boot-starter-aop-2.7.3.jar;C:\Users\abdelkhalek\.m2\repository\org\aspectj\aspectjweaver\1.9.7\aspectjweaver-1.9.7.jar;C:\Users\abdelkhalek\.m2\repository\org\springframework\boot\spring-boot-starter-jdbc\2.7.3\spring-boot-starter-jdbc-2.7.3.jar;C:\Users\abdelkhalek\.m2\repository\com\zaxxer\HikariCP\4.0.3\HikariCP-4.0.3.jar;C:\Users\abdelkhalek\.m2\repository\org\springframework\spring-jdbc\5.3.22\spring-jdbc-5.3.22.jar;C:\Users\abdelkhalek\.m2\repository\jakarta\transaction\jakarta.transaction-api\1.3.3\jakarta.transaction-api-1.3.3.jar;C:\Users\abdelkhalek\.m2\repository\jakarta\persistence\jakarta.persistence-api\2.2.3\jakarta.persistence-api-2.2.3.jar;C:\Users\abdelkhalek\.m2\repository\org\hibernate\hibernate-core\5.6.10.Final\hibernate-core-5.6.10.Final.jar;C:\Users\abdelkhalek\.m2\repository\org\jboss\logging\jboss-logging\3.4.3.Final\jboss-logging-3.4.3.Final.jar;C:\Users\abdelkhalek\.m2\repository\net\bytebuddy\byte-buddy\1.12.13\byte-buddy-1.12.13.jar;C:\Users\abdelkhalek\.m2\repository\antlr\antlr\2.7.7\antlr-2.7.7.jar;C:\Users\abdelkhalek\.m2\repository\org\jboss\jandex\2.4.2.Final\jandex-2.4.2.Final.jar;C:\Users\abdelkhalek\.m2\repository\com\fasterxml\classmate\1.5.1\classmate-1.5.1.jar;C:\Users\abdelkhalek\.m2\repository\org\hibernate\common\hibernate-commons-annotations\5.1.2.Final\hibernate-commons-annotations-5.1.2.Final.jar;C:\Users\abdelkhalek\.m2\repository\org\glassfish\jaxb\jaxb-runtime\2.3.6\jaxb-runtime-2.3.6.jar;C:\Users\abdelkhalek\.m2\repository\org\glassfish\jaxb\txw2\2.3.6\txw2-2.3.6.jar;C:\Users\abdelkhalek\.m2\repository\com\sun\istack\istack-commons-runtime\3.0.12\istack-commons-runtime-3.0.12.jar;C:\Users\abdelkhalek\.m2\repository\com
Launcher Type: SUN_STANDARD

[Global flags]
     intx CICompilerCount                          = 4                                         {product} {ergonomic}
     uint ConcGCThreads                            = 3                                         {product} {ergonomic}
     uint G1ConcRefinementThreads                  = 10                                        {product} {ergonomic}
   size_t G1HeapRegionSize                         = 2097152                                   {product} {ergonomic}
    uintx GCDrainStackTargetSize                   = 64                                        {product} {ergonomic}
   size_t InitialHeapSize                          = 266338304                                 {product} {ergonomic}
     bool ManagementServer                         = true                                      {product} {command line}
   size_t MarkStackSize                            = 4194304                                   {product} {ergonomic}
   size_t MaxHeapSize                              = 4250927104                                {product} {ergonomic}
   size_t MaxNewSize                               = 2550136832                                {product} {ergonomic}
   size_t MinHeapDeltaBytes                        = 2097152                                   {product} {ergonomic}
   size_t MinHeapSize                              = 8388608                                   {product} {ergonomic}
    uintx NonProfiledCodeHeapSize                  = 0                                      {pd product} {ergonomic}
     bool ProfileInterpreter                       = false                                  {pd product} {command line}
    uintx ProfiledCodeHeapSize                     = 0                                      {pd product} {ergonomic}
   size_t SoftMaxHeapSize                          = 4250927104                             {manageable} {ergonomic}
     intx TieredStopAtLevel                        = 1                                         {product} {command line}
     bool UseCompressedClassPointers               = true                           {product lp64_product} {ergonomic}
     bool UseCompressedOops                        = true                           {product lp64_product} {ergonomic}
     bool UseG1GC                                  = true                                      {product} {ergonomic}
     bool UseLargePagesIndividualAllocation        = false                                  {pd product} {ergonomic}

Logging:
Log output configuration:
 #0: stdout all=warning uptime,level,tags
 #1: stderr all=off uptime,level,tags

Environment Variables:
PATH=C:\Program Files\Common Files\Oracle\Java\javapath;C:\Program Files (x86)\VMware\VMware Workstation\bin\;C:\Python310\Scripts\;C:\Python310\;C:\Windows\system32;C:\Windows;C:\Windows\System32\Wbem;C:\Windows\System32\WindowsPowerShell\v1.0\;C:\Windows\System32\OpenSSH\;C:\Program Files (x86)\NVIDIA Corporation\PhysX\Common;C:\Program Files\NVIDIA Corporation\NVIDIA NvDLISR;C:\Program Files\dotnet\;C:\ProgramData\chocolatey\bin;C:\Program Files\Microsoft SQL Server\Client SDK\ODBC\170\Tools\Binn\;C:\Program Files (x86)\Microsoft SQL Server\150\Tools\Binn\;C:\Program Files\Microsoft SQL Server\150\Tools\Binn\;C:\Program Files\Microsoft SQL Server\150\DTS\Binn\;C:\Program Files\Azure Data Studio\bin;C:\Program Files\Microsoft SQL Server\130\Tools\Binn\;C:\Program Files (x86)\IVI Foundation\VISA\WinNT\Bin\;C:\Program Files\IVI Foundation\VISA\Win64\Bin\;C:\Program Files (x86)\National Instruments\Shared\LabVIEW CLI;C:\Program Files (x86)\IVI Foundation\VISA\WinNT\Bin;C:\Program Files\nodejs\;C:\Program Files\Git\cmd;C:\Program Files\Docker\Docker\resources\bin;C:\ProgramData\DockerDesktop\version-bin;C:\Program Files\Amazon\AWSCLIV2\;C:\Program Files\Polyspace\R2021a\runtime\win64;C:\Program Files\Polyspace\R2021a\bin;C:\Program Files\Polyspace\R2021a\polyspace\bin;C:\xampp\php;C:\composer;C:\Program Files\MySQL\MySQL Shell 8.0\bin\;C:\Users\abdelkhalek\AppData\Local\Microsoft\WindowsApps;C:\Users\abdelkhalek\AppData\Local\Programs\Microsoft VS Code\bin;C:\Users\abdelkhalek\.dotnet\tools;C:\Users\abdelkhalek\AppData\Local\atom\bin;C:\Users\abdelkhalek\AppData\Local\Programs\Hyper\resources\bin;C:\Program Files\Azure Data Studio\bin;C:\src\flutter\bin;C:\Users\abdelkhalek\.dotnet\tools;C:\Users\abdelkhalek\AppData\Roaming\npm;C:\Program Files\heroku\bin;C:\ProgramData\abdelkhalek\GitHubDesktop\bin;C:\Users\abdelkhalek\AppData\Local\GitHubDesktop\bin;C:\Users\abdelkhalek\AppData\Roaming\Composer\vendor\bin
USERNAME=abdelkhalek
OS=Windows_NT
PROCESSOR_IDENTIFIER=Intel64 Family 6 Model 165 Stepping 2, GenuineIntel



---------------  S Y S T E M  ---------------

OS:
 Windows 10 , 64 bit Build 19041 (10.0.19041.1889)
OS uptime: 0 days 7:19 hours
Hyper-V role detected

CPU: total 12 (initial active 12) (6 cores per cpu, 2 threads per core) family 6 model 165 stepping 2 microcode 0xe2, cx8, cmov, fxsr, ht, mmx, 3dnowpref, sse, sse2, sse3, ssse3, sse4.1, sse4.2, popcnt, lzcnt, tsc, tscinvbit, avx, avx2, aes, erms, clmul, bmi1, bmi2, adx, fma, vzeroupper, clflush, clflushopt, hv

Memory: 4k page, system-wide physical 16215M (3064M free)
TotalPageFile size 18263M (AvailPageFile size 4M)
current process WorkingSet (physical memory assigned to process): 65M, peak: 65M
current process commit charge ("private bytes"): 356M, peak: 356M

vm_info: Java HotSpot(TM) 64-Bit Server VM (17.0.4.1+1-LTS-2) for windows-amd64 JRE (17.0.4.1+1-LTS-2), built on Aug 16 2022 18:32:06 by "mach5one" with MS VC++ 16.8 / 16.9 (VS2019)

END.
