#
# There is insufficient memory for the Java Runtime Environment to continue.
# Native memory allocation (mmap) failed to map 65536 bytes for Failed to commit metaspace.
# Possible reasons:
#   The system is out of physical RAM or swap space
#   The process is running with CompressedOops enabled, and the Java Heap may be blocking the growth of the native heap
# Possible solutions:
#   Reduce memory load on the system
#   Increase physical memory or swap space
#   Check if swap backing store is full
#   Decrease Java heap size (-Xmx/-Xms)
#   Decrease number of Java threads
#   Decrease Java thread stack sizes (-Xss)
#   Set larger code cache with -XX:ReservedCodeCacheSize=
#   JVM is running with Zero Based Compressed Oops mode in which the Java heap is
#     placed in the first 32GB address space. The Java Heap base address is the
#     maximum limit for the native heap growth. Please use -XX:HeapBaseMinAddress
#     to set the Java Heap base and to place the Java Heap above 32GB virtual address.
# This output file may be truncated or incomplete.
#
#  Out of Memory Error (virtualSpaceNode.cpp:110), pid=23464, tid=7892
#
# JRE version: Java(TM) SE Runtime Environment (17.0.4.1+1) (build 17.0.4.1+1-LTS-2)
# Java VM: Java HotSpot(TM) 64-Bit Server VM (17.0.4.1+1-LTS-2, mixed mode, emulated-client, sharing, tiered, compressed oops, compressed class ptrs, g1 gc, windows-amd64)
# No core dump will be written. Minidumps are not enabled by default on client versions of Windows
#

---------------  S U M M A R Y ------------

Command Line: -XX:TieredStopAtLevel=1 -Dspring.output.ansi.enabled=always -Dcom.sun.management.jmxremote -Dspring.jmx.enabled=true -Dspring.liveBeansView.mbeanDomain -Dspring.application.admin.enabled=true -javaagent:C:\Program Files\JetBrains\IntelliJ IDEA 2022.2.1\lib\idea_rt.jar=65278:C:\Program Files\JetBrains\IntelliJ IDEA 2022.2.1\bin -Dfile.encoding=UTF-8 com.example.springjwt.SpringjwtApplication

Host: Intel(R) Core(TM) i7-10750H CPU @ 2.60GHz, 12 cores, 15G,  Windows 10 , 64 bit Build 19041 (10.0.19041.1889)
Time: Wed Sep 14 20:51:33 2022 Egypt Standard Time elapsed time: 1.090170 seconds (0d 0h 0m 1s)

---------------  T H R E A D  ---------------

Current thread (0x0000026e962c17a0):  JavaThread "background-preinit" [_thread_in_vm, id=7892, stack(0x000000bedc000000,0x000000bedc100000)]

Stack: [0x000000bedc000000,0x000000bedc100000]
Native frames: (J=compiled Java code, j=interpreted, Vv=VM code, C=native code)
V  [jvm.dll+0x6723ba]
V  [jvm.dll+0x7d1e34]
V  [jvm.dll+0x7d35de]
V  [jvm.dll+0x7d3c43]
V  [jvm.dll+0x243065]
V  [jvm.dll+0x7cdddb]
V  [jvm.dll+0x618166]
V  [jvm.dll+0x1be94e]
V  [jvm.dll+0x61aaa1]
V  [jvm.dll+0x618b06]
V  [jvm.dll+0x238bf7]
V  [jvm.dll+0x1e40c3]
V  [jvm.dll+0x1e8e76]
V  [jvm.dll+0x1de891]
V  [jvm.dll+0x538bb0]
V  [jvm.dll+0x74c978]
V  [jvm.dll+0x74ca64]
V  [jvm.dll+0x409485]
V  [jvm.dll+0x40f4d8]
C  [java.dll+0x17ec]

Java frames: (J=compiled Java code, j=interpreted, Vv=VM code)
J 1173  java.lang.ClassLoader.defineClass1(Ljava/lang/ClassLoader;Ljava/lang/String;[BIILjava/security/ProtectionDomain;Ljava/lang/String;)Ljava/lang/Class; java.base@17.0.4.1 (0 bytes) @ 0x0000026e87c054e3 [0x0000026e87c05420+0x00000000000000c3]
J 1327 c1 java.lang.ClassLoader.defineClass(Ljava/lang/String;[BIILjava/security/ProtectionDomain;)Ljava/lang/Class; java.base@17.0.4.1 (43 bytes) @ 0x0000026e87c43bec [0x0000026e87c43ae0+0x000000000000010c]
J 1192 c1 jdk.internal.loader.BuiltinClassLoader.defineClass(Ljava/lang/String;Ljdk/internal/loader/Resource;)Ljava/lang/Class; java.base@17.0.4.1 (121 bytes) @ 0x0000026e87c11374 [0x0000026e87c10ea0+0x00000000000004d4]
J 1170 c1 jdk.internal.loader.BuiltinClassLoader.findClassOnClassPathOrNull(Ljava/lang/String;)Ljava/lang/Class; java.base@17.0.4.1 (64 bytes) @ 0x0000026e87c06444 [0x0000026e87c06180+0x00000000000002c4]
J 923 c1 jdk.internal.loader.BuiltinClassLoader.loadClassOrNull(Ljava/lang/String;Z)Ljava/lang/Class; java.base@17.0.4.1 (143 bytes) @ 0x0000026e87b99504 [0x0000026e87b99080+0x0000000000000484]
J 1065 c1 jdk.internal.loader.ClassLoaders$AppClassLoader.loadClass(Ljava/lang/String;Z)Ljava/lang/Class; java.base@17.0.4.1 (40 bytes) @ 0x0000026e87bd54ac [0x0000026e87bd5360+0x000000000000014c]
J 1062 c1 java.lang.ClassLoader.loadClass(Ljava/lang/String;)Ljava/lang/Class; java.base@17.0.4.1 (7 bytes) @ 0x0000026e87bd48e4 [0x0000026e87bd48a0+0x0000000000000044]
v  ~StubRoutines::call_stub
j  com.fasterxml.jackson.databind.ObjectMapper.<clinit>()V+19
v  ~StubRoutines::call_stub
j  org.springframework.http.converter.json.Jackson2ObjectMapperBuilder.build()Lcom/fasterxml/jackson/databind/ObjectMapper;+79
j  org.springframework.http.converter.json.MappingJackson2HttpMessageConverter.<init>()V+4
j  org.springframework.http.converter.support.AllEncompassingFormHttpMessageConverter.<init>()V+59
j  org.springframework.boot.autoconfigure.BackgroundPreinitializer$MessageConverterInitializer.run()V+4
j  org.springframework.boot.autoconfigure.BackgroundPreinitializer$1.runSafely(Ljava/lang/Runnable;)V+1
j  org.springframework.boot.autoconfigure.BackgroundPreinitializer$1.run()V+33
j  java.lang.Thread.run()V+11 java.base@17.0.4.1
v  ~StubRoutines::call_stub

---------------  P R O C E S S  ---------------

Threads class SMR info:
_java_thread_list=0x0000026e962bd360, length=19, elements={
0x0000026efbcbe560, 0x0000026e94c76b60, 0x0000026e94c779d0, 0x0000026e94c8bea0,
0x0000026e94c8f880, 0x0000026e94c90a40, 0x0000026e94c99400, 0x0000026e94c9d360,
0x0000026e94c9dd50, 0x0000026e94c63520, 0x0000026e94c63c70, 0x0000026e958de1e0,
0x0000026e958f4bb0, 0x0000026e95c55650, 0x0000026e95c56b30, 0x0000026e95dc0040,
0x0000026e96178ff0, 0x0000026e96179940, 0x0000026e962c17a0
}

Java Threads: ( => current thread )
  0x0000026efbcbe560 JavaThread "main" [_thread_blocked, id=18564, stack(0x000000bed9f00000,0x000000beda000000)]
  0x0000026e94c76b60 JavaThread "Reference Handler" daemon [_thread_blocked, id=21968, stack(0x000000beda600000,0x000000beda700000)]
  0x0000026e94c779d0 JavaThread "Finalizer" daemon [_thread_blocked, id=23116, stack(0x000000beda700000,0x000000beda800000)]
  0x0000026e94c8bea0 JavaThread "Signal Dispatcher" daemon [_thread_blocked, id=25492, stack(0x000000beda800000,0x000000beda900000)]
  0x0000026e94c8f880 JavaThread "Attach Listener" daemon [_thread_blocked, id=1156, stack(0x000000beda900000,0x000000bedaa00000)]
  0x0000026e94c90a40 JavaThread "Service Thread" daemon [_thread_blocked, id=11372, stack(0x000000bedaa00000,0x000000bedab00000)]
  0x0000026e94c99400 JavaThread "Monitor Deflation Thread" daemon [_thread_blocked, id=25432, stack(0x000000bedab00000,0x000000bedac00000)]
  0x0000026e94c9d360 JavaThread "C1 CompilerThread0" daemon [_thread_blocked, id=11396, stack(0x000000bedac00000,0x000000bedad00000)]
  0x0000026e94c9dd50 JavaThread "Sweeper thread" daemon [_thread_blocked, id=21996, stack(0x000000bedad00000,0x000000bedae00000)]
  0x0000026e94c63520 JavaThread "Common-Cleaner" daemon [_thread_blocked, id=24644, stack(0x000000bedae00000,0x000000bedaf00000)]
  0x0000026e94c63c70 JavaThread "C1 CompilerThread1" daemon [_thread_blocked, id=19324, stack(0x000000bedaf00000,0x000000bedb000000)]
  0x0000026e958de1e0 JavaThread "C1 CompilerThread2" daemon [_thread_blocked, id=8972, stack(0x000000bedb000000,0x000000bedb100000)]
  0x0000026e958f4bb0 JavaThread "C1 CompilerThread3" daemon [_thread_blocked, id=21660, stack(0x000000bedb100000,0x000000bedb200000)]
  0x0000026e95c55650 JavaThread "Monitor Ctrl-Break" daemon [_thread_in_native, id=23660, stack(0x000000bedb200000,0x000000bedb300000)]
  0x0000026e95c56b30 JavaThread "Notification Thread" daemon [_thread_blocked, id=18620, stack(0x000000bedb300000,0x000000bedb400000)]
  0x0000026e95dc0040 JavaThread "RMI TCP Accept-0" daemon [_thread_in_native, id=20860, stack(0x000000bedb400000,0x000000bedb500000)]
  0x0000026e96178ff0 JavaThread "Thread-0" [_thread_blocked, id=13892, stack(0x000000bedbe00000,0x000000bedbf00000)]
  0x0000026e96179940 JavaThread "restartedMain" [_thread_in_vm, id=9832, stack(0x000000bedbf00000,0x000000bedc000000)]
=>0x0000026e962c17a0 JavaThread "background-preinit" [_thread_in_vm, id=7892, stack(0x000000bedc000000,0x000000bedc100000)]

Other Threads:
  0x0000026e94c722a0 VMThread "VM Thread" [stack: 0x000000beda500000,0x000000beda600000] [id=7464]
  0x0000026efbd465d0 WatcherThread [stack: 0x000000bedb500000,0x000000bedb600000] [id=1036]
  0x0000026efbd297b0 GCTaskThread "GC Thread#0" [stack: 0x000000beda000000,0x000000beda100000] [id=3268]
  0x0000026e9615f9b0 GCTaskThread "GC Thread#1" [stack: 0x000000bedb600000,0x000000bedb700000] [id=17092]
  0x0000026e96138040 GCTaskThread "GC Thread#2" [stack: 0x000000bedb700000,0x000000bedb800000] [id=21112]
  0x0000026e961382f0 GCTaskThread "GC Thread#3" [stack: 0x000000bedb800000,0x000000bedb900000] [id=7632]
  0x0000026e96138a20 GCTaskThread "GC Thread#4" [stack: 0x000000bedb900000,0x000000bedba00000] [id=2264]
  0x0000026e96114cb0 GCTaskThread "GC Thread#5" [stack: 0x000000bedba00000,0x000000bedbb00000] [id=24320]
  0x0000026e961a46f0 GCTaskThread "GC Thread#6" [stack: 0x000000bedbb00000,0x000000bedbc00000] [id=22784]
  0x0000026e961a49a0 GCTaskThread "GC Thread#7" [stack: 0x000000bedbc00000,0x000000bedbd00000] [id=21624]
  0x0000026e96355c50 GCTaskThread "GC Thread#8" [stack: 0x000000bedc100000,0x000000bedc200000] [id=25296]
  0x0000026e963561b0 GCTaskThread "GC Thread#9" [stack: 0x000000bedc200000,0x000000bedc300000] [id=18072]
  0x0000026efbd3a440 ConcurrentGCThread "G1 Main Marker" [stack: 0x000000beda100000,0x000000beda200000] [id=14708]
  0x0000026efbd3ae50 ConcurrentGCThread "G1 Conc#0" [stack: 0x000000beda200000,0x000000beda300000] [id=20472]
  0x0000026e94b330f0 ConcurrentGCThread "G1 Refine#0" [stack: 0x000000beda300000,0x000000beda400000] [id=23716]
  0x0000026e961153e0 ConcurrentGCThread "G1 Refine#1" [stack: 0x000000bedbd00000,0x000000bedbe00000] [id=17044]
  0x0000026e94b34b20 ConcurrentGCThread "G1 Service" [stack: 0x000000beda400000,0x000000beda500000] [id=15160]

Threads with active compile tasks:

VM state: not at safepoint (normal execution)

VM Mutex/Monitor currently owned by a thread:  ([mutex/lock_event])
[0x0000026efbcba0c0] Metaspace_lock - owner thread: 0x0000026e962c17a0

Heap address: 0x0000000702a00000, size: 4054 MB, Compressed Oops mode: Zero based, Oop shift amount: 3

CDS archive(s) mapped at: [0x0000000800000000-0x0000000800bc0000-0x0000000800bc0000), size 12320768, SharedBaseAddress: 0x0000000800000000, ArchiveRelocationMode: 0.
Compressed class space mapped at: 0x0000000800c00000-0x0000000840c00000, reserved size: 1073741824
Narrow klass base: 0x0000000800000000, Narrow klass shift: 0, Narrow klass range: 0x100000000

GC Precious Log:
 CPUs: 12 total, 12 available
 Memory: 16215M
 Large Page Support: Disabled
 NUMA Support: Disabled
 Compressed Oops: Enabled (Zero based)
 Heap Region Size: 2M
 Heap Min Capacity: 8M
 Heap Initial Capacity: 254M
 Heap Max Capacity: 4054M
 Pre-touch: Disabled
 Parallel Workers: 10
 Concurrent Workers: 3
 Concurrent Refinement Workers: 10
 Periodic GC: Disabled

Heap:
 garbage-first heap   total 260096K, used 15014K [0x0000000702a00000, 0x0000000800000000)
  region size 2048K, 5 young (10240K), 1 survivors (2048K)
 Metaspace       used 12408K, committed 12672K, reserved 1064960K
  class space    used 1652K, committed 1792K, reserved 1048576K

Heap Regions: E=young(eden), S=young(survivor), O=old, HS=humongous(starts), HC=humongous(continues), CS=collection set, F=free, OA=open archive, CA=closed archive, TAMS=top-at-mark-start (previous, next)
|   0|0x0000000702a00000, 0x0000000702c00000, 0x0000000702c00000|100%| O|  |TAMS 0x0000000702a00000, 0x0000000702a00000| Untracked 
|   1|0x0000000702c00000, 0x0000000702e00000, 0x0000000702e00000|100%| O|  |TAMS 0x0000000702c00000, 0x0000000702c00000| Untracked 
|   2|0x0000000702e00000, 0x0000000703000000, 0x0000000703000000|100%| O|  |TAMS 0x0000000702e00000, 0x0000000702e00000| Untracked 
|   3|0x0000000703000000, 0x000000070311ee00, 0x0000000703200000| 56%| O|  |TAMS 0x0000000703000000, 0x0000000703000000| Untracked 
|   4|0x0000000703200000, 0x0000000703200000, 0x0000000703400000|  0%| F|  |TAMS 0x0000000703200000, 0x0000000703200000| Untracked 
|   5|0x0000000703400000, 0x0000000703400000, 0x0000000703600000|  0%| F|  |TAMS 0x0000000703400000, 0x0000000703400000| Untracked 
|   6|0x0000000703600000, 0x0000000703600000, 0x0000000703800000|  0%| F|  |TAMS 0x0000000703600000, 0x0000000703600000| Untracked 
|   7|0x0000000703800000, 0x0000000703800000, 0x0000000703a00000|  0%| F|  |TAMS 0x0000000703800000, 0x0000000703800000| Untracked 
|   8|0x0000000703a00000, 0x0000000703a00000, 0x0000000703c00000|  0%| F|  |TAMS 0x0000000703a00000, 0x0000000703a00000| Untracked 
|   9|0x0000000703c00000, 0x0000000703c00000, 0x0000000703e00000|  0%| F|  |TAMS 0x0000000703c00000, 0x0000000703c00000| Untracked 
|  10|0x0000000703e00000, 0x0000000703e00000, 0x0000000704000000|  0%| F|  |TAMS 0x0000000703e00000, 0x0000000703e00000| Untracked 
|  11|0x0000000704000000, 0x0000000704000000, 0x0000000704200000|  0%| F|  |TAMS 0x0000000704000000, 0x0000000704000000| Untracked 
|  12|0x0000000704200000, 0x0000000704200000, 0x0000000704400000|  0%| F|  |TAMS 0x0000000704200000, 0x0000000704200000| Untracked 
|  13|0x0000000704400000, 0x0000000704400000, 0x0000000704600000|  0%| F|  |TAMS 0x0000000704400000, 0x0000000704400000| Untracked 
|  14|0x0000000704600000, 0x0000000704600000, 0x0000000704800000|  0%| F|  |TAMS 0x0000000704600000, 0x0000000704600000| Untracked 
|  15|0x0000000704800000, 0x0000000704800000, 0x0000000704a00000|  0%| F|  |TAMS 0x0000000704800000, 0x0000000704800000| Untracked 
|  16|0x0000000704a00000, 0x0000000704a00000, 0x0000000704c00000|  0%| F|  |TAMS 0x0000000704a00000, 0x0000000704a00000| Untracked 
|  17|0x0000000704c00000, 0x0000000704c00000, 0x0000000704e00000|  0%| F|  |TAMS 0x0000000704c00000, 0x0000000704c00000| Untracked 
|  18|0x0000000704e00000, 0x0000000704e00000, 0x0000000705000000|  0%| F|  |TAMS 0x0000000704e00000, 0x0000000704e00000| Untracked 
|  19|0x0000000705000000, 0x0000000705000000, 0x0000000705200000|  0%| F|  |TAMS 0x0000000705000000, 0x0000000705000000| Untracked 
|  20|0x0000000705200000, 0x0000000705200000, 0x0000000705400000|  0%| F|  |TAMS 0x0000000705200000, 0x0000000705200000| Untracked 
|  21|0x0000000705400000, 0x0000000705400000, 0x0000000705600000|  0%| F|  |TAMS 0x0000000705400000, 0x0000000705400000| Untracked 
|  22|0x0000000705600000, 0x0000000705600000, 0x0000000705800000|  0%| F|  |TAMS 0x0000000705600000, 0x0000000705600000| Untracked 
|  23|0x0000000705800000, 0x0000000705800000, 0x0000000705a00000|  0%| F|  |TAMS 0x0000000705800000, 0x0000000705800000| Untracked 
|  24|0x0000000705a00000, 0x0000000705a00000, 0x0000000705c00000|  0%| F|  |TAMS 0x0000000705a00000, 0x0000000705a00000| Untracked 
|  25|0x0000000705c00000, 0x0000000705c00000, 0x0000000705e00000|  0%| F|  |TAMS 0x0000000705c00000, 0x0000000705c00000| Untracked 
|  26|0x0000000705e00000, 0x0000000705e00000, 0x0000000706000000|  0%| F|  |TAMS 0x0000000705e00000, 0x0000000705e00000| Untracked 
|  27|0x0000000706000000, 0x0000000706000000, 0x0000000706200000|  0%| F|  |TAMS 0x0000000706000000, 0x0000000706000000| Untracked 
|  28|0x0000000706200000, 0x0000000706200000, 0x0000000706400000|  0%| F|  |TAMS 0x0000000706200000, 0x0000000706200000| Untracked 
|  29|0x0000000706400000, 0x0000000706400000, 0x0000000706600000|  0%| F|  |TAMS 0x0000000706400000, 0x0000000706400000| Untracked 
|  30|0x0000000706600000, 0x0000000706600000, 0x0000000706800000|  0%| F|  |TAMS 0x0000000706600000, 0x0000000706600000| Untracked 
|  31|0x0000000706800000, 0x0000000706800000, 0x0000000706a00000|  0%| F|  |TAMS 0x0000000706800000, 0x0000000706800000| Untracked 
|  32|0x0000000706a00000, 0x0000000706a00000, 0x0000000706c00000|  0%| F|  |TAMS 0x0000000706a00000, 0x0000000706a00000| Untracked 
|  33|0x0000000706c00000, 0x0000000706c00000, 0x0000000706e00000|  0%| F|  |TAMS 0x0000000706c00000, 0x0000000706c00000| Untracked 
|  34|0x0000000706e00000, 0x0000000706e00000, 0x0000000707000000|  0%| F|  |TAMS 0x0000000706e00000, 0x0000000706e00000| Untracked 
|  35|0x0000000707000000, 0x0000000707000000, 0x0000000707200000|  0%| F|  |TAMS 0x0000000707000000, 0x0000000707000000| Untracked 
|  36|0x0000000707200000, 0x0000000707200000, 0x0000000707400000|  0%| F|  |TAMS 0x0000000707200000, 0x0000000707200000| Untracked 
|  37|0x0000000707400000, 0x0000000707400000, 0x0000000707600000|  0%| F|  |TAMS 0x0000000707400000, 0x0000000707400000| Untracked 
|  38|0x0000000707600000, 0x0000000707600000, 0x0000000707800000|  0%| F|  |TAMS 0x0000000707600000, 0x0000000707600000| Untracked 
|  39|0x0000000707800000, 0x0000000707800000, 0x0000000707a00000|  0%| F|  |TAMS 0x0000000707800000, 0x0000000707800000| Untracked 
|  40|0x0000000707a00000, 0x0000000707a00000, 0x0000000707c00000|  0%| F|  |TAMS 0x0000000707a00000, 0x0000000707a00000| Untracked 
|  41|0x0000000707c00000, 0x0000000707c00000, 0x0000000707e00000|  0%| F|  |TAMS 0x0000000707c00000, 0x0000000707c00000| Untracked 
|  42|0x0000000707e00000, 0x0000000707e00000, 0x0000000708000000|  0%| F|  |TAMS 0x0000000707e00000, 0x0000000707e00000| Untracked 
|  43|0x0000000708000000, 0x0000000708000000, 0x0000000708200000|  0%| F|  |TAMS 0x0000000708000000, 0x0000000708000000| Untracked 
|  44|0x0000000708200000, 0x0000000708200000, 0x0000000708400000|  0%| F|  |TAMS 0x0000000708200000, 0x0000000708200000| Untracked 
|  45|0x0000000708400000, 0x0000000708400000, 0x0000000708600000|  0%| F|  |TAMS 0x0000000708400000, 0x0000000708400000| Untracked 
|  46|0x0000000708600000, 0x0000000708600000, 0x0000000708800000|  0%| F|  |TAMS 0x0000000708600000, 0x0000000708600000| Untracked 
|  47|0x0000000708800000, 0x0000000708800000, 0x0000000708a00000|  0%| F|  |TAMS 0x0000000708800000, 0x0000000708800000| Untracked 
|  48|0x0000000708a00000, 0x0000000708a00000, 0x0000000708c00000|  0%| F|  |TAMS 0x0000000708a00000, 0x0000000708a00000| Untracked 
|  49|0x0000000708c00000, 0x0000000708c00000, 0x0000000708e00000|  0%| F|  |TAMS 0x0000000708c00000, 0x0000000708c00000| Untracked 
|  50|0x0000000708e00000, 0x0000000708e00000, 0x0000000709000000|  0%| F|  |TAMS 0x0000000708e00000, 0x0000000708e00000| Untracked 
|  51|0x0000000709000000, 0x0000000709000000, 0x0000000709200000|  0%| F|  |TAMS 0x0000000709000000, 0x0000000709000000| Untracked 
|  52|0x0000000709200000, 0x0000000709200000, 0x0000000709400000|  0%| F|  |TAMS 0x0000000709200000, 0x0000000709200000| Untracked 
|  53|0x0000000709400000, 0x0000000709400000, 0x0000000709600000|  0%| F|  |TAMS 0x0000000709400000, 0x0000000709400000| Untracked 
|  54|0x0000000709600000, 0x0000000709600000, 0x0000000709800000|  0%| F|  |TAMS 0x0000000709600000, 0x0000000709600000| Untracked 
|  55|0x0000000709800000, 0x0000000709800000, 0x0000000709a00000|  0%| F|  |TAMS 0x0000000709800000, 0x0000000709800000| Untracked 
|  56|0x0000000709a00000, 0x0000000709a00000, 0x0000000709c00000|  0%| F|  |TAMS 0x0000000709a00000, 0x0000000709a00000| Untracked 
|  57|0x0000000709c00000, 0x0000000709c00000, 0x0000000709e00000|  0%| F|  |TAMS 0x0000000709c00000, 0x0000000709c00000| Untracked 
|  58|0x0000000709e00000, 0x0000000709e00000, 0x000000070a000000|  0%| F|  |TAMS 0x0000000709e00000, 0x0000000709e00000| Untracked 
|  59|0x000000070a000000, 0x000000070a000000, 0x000000070a200000|  0%| F|  |TAMS 0x000000070a000000, 0x000000070a000000| Untracked 
|  60|0x000000070a200000, 0x000000070a200000, 0x000000070a400000|  0%| F|  |TAMS 0x000000070a200000, 0x000000070a200000| Untracked 
|  61|0x000000070a400000, 0x000000070a400000, 0x000000070a600000|  0%| F|  |TAMS 0x000000070a400000, 0x000000070a400000| Untracked 
|  62|0x000000070a600000, 0x000000070a600000, 0x000000070a800000|  0%| F|  |TAMS 0x000000070a600000, 0x000000070a600000| Untracked 
|  63|0x000000070a800000, 0x000000070a800000, 0x000000070aa00000|  0%| F|  |TAMS 0x000000070a800000, 0x000000070a800000| Untracked 
|  64|0x000000070aa00000, 0x000000070aa00000, 0x000000070ac00000|  0%| F|  |TAMS 0x000000070aa00000, 0x000000070aa00000| Untracked 
|  65|0x000000070ac00000, 0x000000070ac00000, 0x000000070ae00000|  0%| F|  |TAMS 0x000000070ac00000, 0x000000070ac00000| Untracked 
|  66|0x000000070ae00000, 0x000000070ae00000, 0x000000070b000000|  0%| F|  |TAMS 0x000000070ae00000, 0x000000070ae00000| Untracked 
|  67|0x000000070b000000, 0x000000070b000000, 0x000000070b200000|  0%| F|  |TAMS 0x000000070b000000, 0x000000070b000000| Untracked 
|  68|0x000000070b200000, 0x000000070b200000, 0x000000070b400000|  0%| F|  |TAMS 0x000000070b200000, 0x000000070b200000| Untracked 
|  69|0x000000070b400000, 0x000000070b400000, 0x000000070b600000|  0%| F|  |TAMS 0x000000070b400000, 0x000000070b400000| Untracked 
|  70|0x000000070b600000, 0x000000070b600000, 0x000000070b800000|  0%| F|  |TAMS 0x000000070b600000, 0x000000070b600000| Untracked 
|  71|0x000000070b800000, 0x000000070b800000, 0x000000070ba00000|  0%| F|  |TAMS 0x000000070b800000, 0x000000070b800000| Untracked 
|  72|0x000000070ba00000, 0x000000070ba00000, 0x000000070bc00000|  0%| F|  |TAMS 0x000000070ba00000, 0x000000070ba00000| Untracked 
|  73|0x000000070bc00000, 0x000000070bc00000, 0x000000070be00000|  0%| F|  |TAMS 0x000000070bc00000, 0x000000070bc00000| Untracked 
|  74|0x000000070be00000, 0x000000070be00000, 0x000000070c000000|  0%| F|  |TAMS 0x000000070be00000, 0x000000070be00000| Untracked 
|  75|0x000000070c000000, 0x000000070c000000, 0x000000070c200000|  0%| F|  |TAMS 0x000000070c000000, 0x000000070c000000| Untracked 
|  76|0x000000070c200000, 0x000000070c200000, 0x000000070c400000|  0%| F|  |TAMS 0x000000070c200000, 0x000000070c200000| Untracked 
|  77|0x000000070c400000, 0x000000070c400000, 0x000000070c600000|  0%| F|  |TAMS 0x000000070c400000, 0x000000070c400000| Untracked 
|  78|0x000000070c600000, 0x000000070c600000, 0x000000070c800000|  0%| F|  |TAMS 0x000000070c600000, 0x000000070c600000| Untracked 
|  79|0x000000070c800000, 0x000000070c800000, 0x000000070ca00000|  0%| F|  |TAMS 0x000000070c800000, 0x000000070c800000| Untracked 
|  80|0x000000070ca00000, 0x000000070ca00000, 0x000000070cc00000|  0%| F|  |TAMS 0x000000070ca00000, 0x000000070ca00000| Untracked 
|  81|0x000000070cc00000, 0x000000070cc00000, 0x000000070ce00000|  0%| F|  |TAMS 0x000000070cc00000, 0x000000070cc00000| Untracked 
|  82|0x000000070ce00000, 0x000000070ce00000, 0x000000070d000000|  0%| F|  |TAMS 0x000000070ce00000, 0x000000070ce00000| Untracked 
|  83|0x000000070d000000, 0x000000070d000000, 0x000000070d200000|  0%| F|  |TAMS 0x000000070d000000, 0x000000070d000000| Untracked 
|  84|0x000000070d200000, 0x000000070d200000, 0x000000070d400000|  0%| F|  |TAMS 0x000000070d200000, 0x000000070d200000| Untracked 
|  85|0x000000070d400000, 0x000000070d400000, 0x000000070d600000|  0%| F|  |TAMS 0x000000070d400000, 0x000000070d400000| Untracked 
|  86|0x000000070d600000, 0x000000070d600000, 0x000000070d800000|  0%| F|  |TAMS 0x000000070d600000, 0x000000070d600000| Untracked 
|  87|0x000000070d800000, 0x000000070d800000, 0x000000070da00000|  0%| F|  |TAMS 0x000000070d800000, 0x000000070d800000| Untracked 
|  88|0x000000070da00000, 0x000000070da00000, 0x000000070dc00000|  0%| F|  |TAMS 0x000000070da00000, 0x000000070da00000| Untracked 
|  89|0x000000070dc00000, 0x000000070dc00000, 0x000000070de00000|  0%| F|  |TAMS 0x000000070dc00000, 0x000000070dc00000| Untracked 
|  90|0x000000070de00000, 0x000000070de00000, 0x000000070e000000|  0%| F|  |TAMS 0x000000070de00000, 0x000000070de00000| Untracked 
|  91|0x000000070e000000, 0x000000070e000000, 0x000000070e200000|  0%| F|  |TAMS 0x000000070e000000, 0x000000070e000000| Untracked 
|  92|0x000000070e200000, 0x000000070e200000, 0x000000070e400000|  0%| F|  |TAMS 0x000000070e200000, 0x000000070e200000| Untracked 
|  93|0x000000070e400000, 0x000000070e400000, 0x000000070e600000|  0%| F|  |TAMS 0x000000070e400000, 0x000000070e400000| Untracked 
|  94|0x000000070e600000, 0x000000070e600000, 0x000000070e800000|  0%| F|  |TAMS 0x000000070e600000, 0x000000070e600000| Untracked 
|  95|0x000000070e800000, 0x000000070e800000, 0x000000070ea00000|  0%| F|  |TAMS 0x000000070e800000, 0x000000070e800000| Untracked 
|  96|0x000000070ea00000, 0x000000070ea00000, 0x000000070ec00000|  0%| F|  |TAMS 0x000000070ea00000, 0x000000070ea00000| Untracked 
|  97|0x000000070ec00000, 0x000000070ec00000, 0x000000070ee00000|  0%| F|  |TAMS 0x000000070ec00000, 0x000000070ec00000| Untracked 
|  98|0x000000070ee00000, 0x000000070ee00000, 0x000000070f000000|  0%| F|  |TAMS 0x000000070ee00000, 0x000000070ee00000| Untracked 
|  99|0x000000070f000000, 0x000000070f000000, 0x000000070f200000|  0%| F|  |TAMS 0x000000070f000000, 0x000000070f000000| Untracked 
| 100|0x000000070f200000, 0x000000070f200000, 0x000000070f400000|  0%| F|  |TAMS 0x000000070f200000, 0x000000070f200000| Untracked 
| 101|0x000000070f400000, 0x000000070f400000, 0x000000070f600000|  0%| F|  |TAMS 0x000000070f400000, 0x000000070f400000| Untracked 
| 102|0x000000070f600000, 0x000000070f600000, 0x000000070f800000|  0%| F|  |TAMS 0x000000070f600000, 0x000000070f600000| Untracked 
| 103|0x000000070f800000, 0x000000070f800000, 0x000000070fa00000|  0%| F|  |TAMS 0x000000070f800000, 0x000000070f800000| Untracked 
| 104|0x000000070fa00000, 0x000000070fa00000, 0x000000070fc00000|  0%| F|  |TAMS 0x000000070fa00000, 0x000000070fa00000| Untracked 
| 105|0x000000070fc00000, 0x000000070fc00000, 0x000000070fe00000|  0%| F|  |TAMS 0x000000070fc00000, 0x000000070fc00000| Untracked 
| 106|0x000000070fe00000, 0x000000070fe00000, 0x0000000710000000|  0%| F|  |TAMS 0x000000070fe00000, 0x000000070fe00000| Untracked 
| 107|0x0000000710000000, 0x0000000710000000, 0x0000000710200000|  0%| F|  |TAMS 0x0000000710000000, 0x0000000710000000| Untracked 
| 108|0x0000000710200000, 0x0000000710200000, 0x0000000710400000|  0%| F|  |TAMS 0x0000000710200000, 0x0000000710200000| Untracked 
| 109|0x0000000710400000, 0x0000000710400000, 0x0000000710600000|  0%| F|  |TAMS 0x0000000710400000, 0x0000000710400000| Untracked 
| 110|0x0000000710600000, 0x0000000710600000, 0x0000000710800000|  0%| F|  |TAMS 0x0000000710600000, 0x0000000710600000| Untracked 
| 111|0x0000000710800000, 0x0000000710800000, 0x0000000710a00000|  0%| F|  |TAMS 0x0000000710800000, 0x0000000710800000| Untracked 
| 112|0x0000000710a00000, 0x0000000710a00000, 0x0000000710c00000|  0%| F|  |TAMS 0x0000000710a00000, 0x0000000710a00000| Untracked 
| 113|0x0000000710c00000, 0x0000000710d8ad10, 0x0000000710e00000| 77%| S|CS|TAMS 0x0000000710c00000, 0x0000000710c00000| Complete 
| 114|0x0000000710e00000, 0x0000000710e00000, 0x0000000711000000|  0%| F|  |TAMS 0x0000000710e00000, 0x0000000710e00000| Untracked 
| 115|0x0000000711000000, 0x0000000711000000, 0x0000000711200000|  0%| F|  |TAMS 0x0000000711000000, 0x0000000711000000| Untracked 
| 116|0x0000000711200000, 0x0000000711200000, 0x0000000711400000|  0%| F|  |TAMS 0x0000000711200000, 0x0000000711200000| Untracked 
| 117|0x0000000711400000, 0x0000000711400000, 0x0000000711600000|  0%| F|  |TAMS 0x0000000711400000, 0x0000000711400000| Untracked 
| 118|0x0000000711600000, 0x0000000711600000, 0x0000000711800000|  0%| F|  |TAMS 0x0000000711600000, 0x0000000711600000| Untracked 
| 119|0x0000000711800000, 0x0000000711800000, 0x0000000711a00000|  0%| F|  |TAMS 0x0000000711800000, 0x0000000711800000| Untracked 
| 120|0x0000000711a00000, 0x0000000711a00000, 0x0000000711c00000|  0%| F|  |TAMS 0x0000000711a00000, 0x0000000711a00000| Untracked 
| 121|0x0000000711c00000, 0x0000000711c00000, 0x0000000711e00000|  0%| F|  |TAMS 0x0000000711c00000, 0x0000000711c00000| Untracked 
| 122|0x0000000711e00000, 0x0000000711e00000, 0x0000000712000000|  0%| F|  |TAMS 0x0000000711e00000, 0x0000000711e00000| Untracked 
| 123|0x0000000712000000, 0x000000071211a8f0, 0x0000000712200000| 55%| E|  |TAMS 0x0000000712000000, 0x0000000712000000| Complete 
| 124|0x0000000712200000, 0x0000000712400000, 0x0000000712400000|100%| E|CS|TAMS 0x0000000712200000, 0x0000000712200000| Complete 
| 125|0x0000000712400000, 0x0000000712600000, 0x0000000712600000|100%| E|CS|TAMS 0x0000000712400000, 0x0000000712400000| Complete 
| 126|0x0000000712600000, 0x0000000712800000, 0x0000000712800000|100%| E|CS|TAMS 0x0000000712600000, 0x0000000712600000| Complete 

Card table byte_map: [0x0000026efe8a0000,0x0000026eff090000] _byte_map_base: 0x0000026efb08b000

Marking Bits (Prev, Next): (CMBitMap*) 0x0000026efbd29dc0, (CMBitMap*) 0x0000026efbd29e00
 Prev Bits: [0x0000026e8a7a0000, 0x0000026e8e6f8000)
 Next Bits: [0x0000026e8e700000, 0x0000026e92658000)

Polling page: 0x0000026efbd90000

Metaspace:

Usage:
  Non-class:     10.50 MB used.
      Class:      1.61 MB used.
       Both:     12.12 MB used.

Virtual space:
  Non-class space:       16.00 MB reserved,      10.62 MB ( 66%) committed,  2 nodes.
      Class space:        1.00 GB reserved,       1.75 MB ( <1%) committed,  1 nodes.
             Both:        1.02 GB reserved,      12.38 MB (  1%) committed. 

Chunk freelists:
   Non-Class:  1.23 MB
       Class:  2.30 MB
        Both:  3.53 MB

MaxMetaspaceSize: unlimited
CompressedClassSpaceSize: 1.00 GB
Initial GC threshold: 21.00 MB
Current GC threshold: 21.00 MB
CDS: on
MetaspaceReclaimPolicy: balanced
 - commit_granule_bytes: 65536.
 - commit_granule_words: 8192.
 - virtual_space_node_default_size: 1048576.
 - enlarge_chunks_in_place: 1.
 - new_chunks_are_fully_committed: 0.
 - uncommit_free_chunks: 1.
 - use_allocation_guard: 0.
 - handle_deallocations: 1.


Internal statistics:

num_allocs_failed_limit: 0.
num_arena_births: 198.
num_arena_deaths: 0.
num_vsnodes_births: 3.
num_vsnodes_deaths: 0.
num_space_committed: 198.
num_space_uncommitted: 0.
num_chunks_returned_to_freelist: 0.
num_chunks_taken_from_freelist: 514.
num_chunk_merges: 0.
num_chunk_splits: 350.
num_chunks_enlarged: 261.
num_purges: 0.
num_inconsistent_stats: 0.

CodeCache: size=49152Kb used=5632Kb max_used=5632Kb free=43519Kb
 bounds [0x0000026e877a0000, 0x0000026e87d30000, 0x0000026e8a7a0000]
 total_blobs=2338 nmethods=1877 adapters=385
 compilation: enabled
              stopped_count=0, restarted_count=0
 full_count=0

Compilation events (20 events):
Event: 1.073 Thread 0x0000026e958f4bb0 1867       1       jdk.internal.org.objectweb.asm.MethodVisitor::visitInsn (16 bytes)
Event: 1.073 Thread 0x0000026e958f4bb0 nmethod 1867 0x0000026e87d19c90 code [0x0000026e87d19e20, 0x0000026e87d19f08]
Event: 1.073 Thread 0x0000026e958f4bb0 1868       1       org.springframework.core.ResolvableType::getType (8 bytes)
Event: 1.073 Thread 0x0000026e94c9d360 1869       1       org.springframework.core.SerializableTypeWrapper::unwrap (34 bytes)
Event: 1.073 Thread 0x0000026e94c9d360 nmethod 1869 0x0000026e87d19f90 code [0x0000026e87d1a160, 0x0000026e87d1a4c8]
Event: 1.073 Thread 0x0000026e958f4bb0 nmethod 1868 0x0000026e87d1a690 code [0x0000026e87d1a860, 0x0000026e87d1abe8]
Event: 1.074 Thread 0x0000026e958f4bb0 1870       1       ch.qos.logback.classic.util.ContextSelectorStaticBinder::getContextSelector (5 bytes)
Event: 1.074 Thread 0x0000026e958f4bb0 nmethod 1870 0x0000026e87d1ae10 code [0x0000026e87d1afa0, 0x0000026e87d1b078]
Event: 1.076 Thread 0x0000026e958f4bb0 1871       1       java.lang.invoke.LambdaForm::editor (5 bytes)
Event: 1.076 Thread 0x0000026e94c9d360 1872       1       java.lang.invoke.LambdaFormEditor::lambdaFormEditor (12 bytes)
Event: 1.076 Thread 0x0000026e94c63c70 1873       1       java.lang.invoke.LambdaFormEditor::<init> (10 bytes)
Event: 1.076 Thread 0x0000026e958de1e0 1874       1       java.lang.invoke.LambdaFormEditor::getInCache (165 bytes)
Event: 1.076 Thread 0x0000026e94c63c70 nmethod 1873 0x0000026e87d1b110 code [0x0000026e87d1b2a0, 0x0000026e87d1b3b8]
Event: 1.076 Thread 0x0000026e958f4bb0 nmethod 1871 0x0000026e87d1b410 code [0x0000026e87d1b5a0, 0x0000026e87d1b748]
Event: 1.077 Thread 0x0000026e94c9d360 nmethod 1872 0x0000026e87d1b810 code [0x0000026e87d1b9a0, 0x0000026e87d1bb28]
Event: 1.078 Thread 0x0000026e958de1e0 nmethod 1874 0x0000026e87d1bc10 code [0x0000026e87d1be00, 0x0000026e87d1c328]
Event: 1.082 Thread 0x0000026e94c9d360 1875       1       java.lang.reflect.Field::getModifiers (5 bytes)
Event: 1.083 Thread 0x0000026e94c9d360 nmethod 1875 0x0000026e87d1c610 code [0x0000026e87d1c7a0, 0x0000026e87d1c878]
Event: 1.083 Thread 0x0000026e94c9d360 1876 % !   1       java.util.concurrent.ConcurrentHashMap::transfer @ 96 (849 bytes)
Event: 1.086 Thread 0x0000026e94c9d360 nmethod 1876% 0x0000026e87d1cd90 code [0x0000026e87d1d0a0, 0x0000026e87d1ee48]

GC Heap History (4 events):
Event: 0.707 GC heap before
{Heap before GC invocations=0 (full 0):
 garbage-first heap   total 260096K, used 20480K [0x0000000702a00000, 0x0000000800000000)
  region size 2048K, 11 young (22528K), 0 survivors (0K)
 Metaspace       used 6757K, committed 6912K, reserved 1056768K
  class space    used 836K, committed 896K, reserved 1048576K
}
Event: 0.712 GC heap after
{Heap after GC invocations=1 (full 0):
 garbage-first heap   total 260096K, used 6987K [0x0000000702a00000, 0x0000000800000000)
  region size 2048K, 2 young (4096K), 2 survivors (4096K)
 Metaspace       used 6757K, committed 6912K, reserved 1056768K
  class space    used 836K, committed 896K, reserved 1048576K
}
Event: 1.046 GC heap before
{Heap before GC invocations=1 (full 0):
 garbage-first heap   total 260096K, used 27467K [0x0000000702a00000, 0x0000000800000000)
  region size 2048K, 13 young (26624K), 2 survivors (4096K)
 Metaspace       used 11010K, committed 11200K, reserved 1064960K
  class space    used 1509K, committed 1600K, reserved 1048576K
}
Event: 1.049 GC heap after
{Heap after GC invocations=2 (full 0):
 garbage-first heap   total 260096K, used 8870K [0x0000000702a00000, 0x0000000800000000)
  region size 2048K, 1 young (2048K), 1 survivors (2048K)
 Metaspace       used 11010K, committed 11200K, reserved 1064960K
  class space    used 1509K, committed 1600K, reserved 1048576K
}

Deoptimization events (0 events):
No events

Classes unloaded (0 events):
No events

Classes redefined (0 events):
No events

Internal exceptions (20 events):
Event: 0.881 Thread 0x0000026e96179940 Exception <a 'java/lang/NoSuchMethodError'{0x0000000711da66a0}: 'java.lang.Object java.lang.invoke.DirectMethodHandle$Holder.newInvokeSpecial(java.lang.Object, java.lang.Object, java.lang.Object, java.lang.Object, java.lang.Object, java.lang.Object, int)'> (0x0000000711da66a0) 
thrown [s\open\src\hotspot\share\interpreter\linkResolver.cpp, line 759]
Event: 0.881 Thread 0x0000026e96179940 Exception <a 'java/lang/NoSuchMethodError'{0x0000000711dab700}: 'java.lang.Object java.lang.invoke.DirectMethodHandle$Holder.invokeSpecial(java.lang.Object, java.lang.Object, java.lang.Object, java.lang.Object, java.lang.Object, java.lang.Object, java.lang.Object, int)'> (0x0000000711dab700) 
thrown [s\open\src\hotspot\share\interpreter\linkResolver.cpp, line 759]
Event: 0.909 Thread 0x0000026e96179940 Exception <a 'java/lang/NoSuchMethodError'{0x0000000711b5acf0}: 'int java.lang.invoke.DirectMethodHandle$Holder.invokeVirtual(java.lang.Object, java.lang.Object)'> (0x0000000711b5acf0) 
thrown [s\open\src\hotspot\share\interpreter\linkResolver.cpp, line 759]
Event: 0.919 Thread 0x0000026e96179940 Exception <a 'java/lang/NoSuchMethodError'{0x0000000711be70b0}: 'java.lang.Object java.lang.invoke.DirectMethodHandle$Holder.invokeSpecial(java.lang.Object, java.lang.Object, java.lang.Object, int, java.lang.Object)'> (0x0000000711be70b0) 
thrown [s\open\src\hotspot\share\interpreter\linkResolver.cpp, line 759]
Event: 0.920 Thread 0x0000026e96179940 Exception <a 'java/lang/NoSuchMethodError'{0x0000000711bef740}: 'java.lang.Object java.lang.invoke.DirectMethodHandle$Holder.newInvokeSpecial(java.lang.Object, java.lang.Object, java.lang.Object, int, java.lang.Object)'> (0x0000000711bef740) 
thrown [s\open\src\hotspot\share\interpreter\linkResolver.cpp, line 759]
Event: 0.920 Thread 0x0000026e96179940 Exception <a 'java/lang/NoSuchMethodError'{0x0000000711bf7110}: 'java.lang.Object java.lang.invoke.Invokers$Holder.linkToTargetMethod(java.lang.Object, java.lang.Object, int, java.lang.Object, java.lang.Object)'> (0x0000000711bf7110) 
thrown [s\open\src\hotspot\share\interpreter\linkResolver.cpp, line 759]
Event: 0.921 Thread 0x0000026e96179940 Exception <a 'java/lang/NoSuchMethodError'{0x00000007118070a0}: 'java.lang.Object java.lang.invoke.DirectMethodHandle$Holder.newInvokeSpecial(java.lang.Object, int, java.lang.Object)'> (0x00000007118070a0) 
thrown [s\open\src\hotspot\share\interpreter\linkResolver.cpp, line 759]
Event: 0.921 Thread 0x0000026e96179940 Exception <a 'java/lang/NoSuchMethodError'{0x000000071180bae0}: 'int java.lang.invoke.DirectMethodHandle$Holder.invokeSpecialIFC(java.lang.Object, java.lang.Object, java.lang.Object, java.lang.Object)'> (0x000000071180bae0) 
thrown [s\open\src\hotspot\share\interpreter\linkResolver.cpp, line 759]
Event: 0.936 Thread 0x0000026e96179940 Exception <a 'java/lang/NoSuchMethodError'{0x00000007118d5470}: 'java.lang.Object java.lang.invoke.DirectMethodHandle$Holder.invokeInterface(java.lang.Object, java.lang.Object)'> (0x00000007118d5470) 
thrown [s\open\src\hotspot\share\interpreter\linkResolver.cpp, line 759]
Event: 0.938 Thread 0x0000026e96179940 Exception <a 'java/lang/NoSuchMethodError'{0x00000007118e6258}: 'void java.lang.invoke.DirectMethodHandle$Holder.invokeInterface(java.lang.Object, java.lang.Object, java.lang.Object)'> (0x00000007118e6258) 
thrown [s\open\src\hotspot\share\interpreter\linkResolver.cpp, line 759]
Event: 0.953 Thread 0x0000026e96179940 Exception <a 'java/lang/NoSuchMethodError'{0x0000000711982100}: 'java.lang.Object java.lang.invoke.DirectMethodHandle$Holder.invokeVirtual(java.lang.Object, java.lang.Object, java.lang.Object)'> (0x0000000711982100) 
thrown [s\open\src\hotspot\share\interpreter\linkResolver.cpp, line 759]
Event: 0.964 Thread 0x0000026e96179940 Exception <a 'java/lang/NoSuchMethodError'{0x000000071161e128}: 'void java.lang.invoke.DirectMethodHandle$Holder.invokeStatic(java.lang.Object, java.lang.Object, int)'> (0x000000071161e128) 
thrown [s\open\src\hotspot\share\interpreter\linkResolver.cpp, line 759]
Event: 0.965 Thread 0x0000026e96179940 Exception <a 'java/lang/NoSuchMethodError'{0x0000000711625e98}: 'void java.lang.invoke.DirectMethodHandle$Holder.invokeStaticInit(java.lang.Object, java.lang.Object)'> (0x0000000711625e98) 
thrown [s\open\src\hotspot\share\interpreter\linkResolver.cpp, line 759]
Event: 0.966 Thread 0x0000026e96179940 Exception <a 'java/lang/NoSuchMethodError'{0x00000007116339d8}: 'void java.lang.invoke.DirectMethodHandle$Holder.invokeStaticInit(java.lang.Object, java.lang.Object, java.lang.Object)'> (0x00000007116339d8) 
thrown [s\open\src\hotspot\share\interpreter\linkResolver.cpp, line 759]
Event: 0.977 Thread 0x0000026e96179940 Exception <a 'java/lang/NoSuchMethodError'{0x000000071169f750}: 'void java.lang.invoke.DirectMethodHandle$Holder.invokeVirtual(java.lang.Object, java.lang.Object, java.lang.Object, java.lang.Object)'> (0x000000071169f750) 
thrown [s\open\src\hotspot\share\interpreter\linkResolver.cpp, line 759]
Event: 1.000 Thread 0x0000026e96179940 Exception <a 'java/lang/NoSuchMethodError'{0x00000007117e2090}: 'void java.lang.invoke.DirectMethodHandle$Holder.invokeSpecial(java.lang.Object, java.lang.Object, java.lang.Object)'> (0x00000007117e2090) 
thrown [s\open\src\hotspot\share\interpreter\linkResolver.cpp, line 759]
Event: 1.001 Thread 0x0000026e96179940 Exception <a 'java/lang/NoSuchMethodError'{0x00000007117e8668}: 'void java.lang.invoke.DirectMethodHandle$Holder.invokeSpecial(java.lang.Object, java.lang.Object, java.lang.Object, java.lang.Object, java.lang.Object)'> (0x00000007117e8668) 
thrown [s\open\src\hotspot\share\interpreter\linkResolver.cpp, line 759]
Event: 1.007 Thread 0x0000026e962c17a0 Exception <a 'java/lang/NoClassDefFoundError'{0x00000007114316e0}: javax/validation/Validation> (0x00000007114316e0) 
thrown [s\open\src\hotspot\share\classfile\systemDictionary.cpp, line 245]
Event: 1.025 Thread 0x0000026e962c17a0 Exception <a 'java/lang/NoSuchMethodError'{0x000000071123fb40}: 'java.lang.Object java.lang.invoke.DirectMethodHandle$Holder.invokeStaticInit(java.lang.Object, java.lang.Object, java.lang.Object)'> (0x000000071123fb40) 
thrown [s\open\src\hotspot\share\interpreter\linkResolver.cpp, line 759]
Event: 1.026 Thread 0x0000026e962c17a0 Exception <a 'java/lang/NoSuchMethodError'{0x00000007112a6d08}: 'java.lang.Object java.lang.invoke.DirectMethodHandle$Holder.invokeStaticInit(java.lang.Object, java.lang.Object, java.lang.Object, java.lang.Object, java.lang.Object)'> (0x00000007112a6d08) 
thrown [s\open\src\hotspot\share\interpreter\linkResolver.cpp, line 759]

VM Operations (18 events):
Event: 0.114 Executing VM operation: HandshakeAllThreads
Event: 0.115 Executing VM operation: HandshakeAllThreads done
Event: 0.229 Executing VM operation: HandshakeAllThreads
Event: 0.229 Executing VM operation: HandshakeAllThreads done
Event: 0.390 Executing VM operation: HandshakeAllThreads
Event: 0.390 Executing VM operation: HandshakeAllThreads done
Event: 0.608 Executing VM operation: HandshakeAllThreads
Event: 0.608 Executing VM operation: HandshakeAllThreads done
Event: 0.707 Executing VM operation: G1CollectForAllocation
Event: 0.712 Executing VM operation: G1CollectForAllocation done
Event: 0.771 Executing VM operation: HandshakeAllThreads
Event: 0.771 Executing VM operation: HandshakeAllThreads done
Event: 0.907 Executing VM operation: HandshakeAllThreads
Event: 0.907 Executing VM operation: HandshakeAllThreads done
Event: 1.012 Executing VM operation: HandshakeAllThreads
Event: 1.012 Executing VM operation: HandshakeAllThreads done
Event: 1.045 Executing VM operation: G1CollectForAllocation
Event: 1.049 Executing VM operation: G1CollectForAllocation done

Events (20 events):
Event: 1.037 loading class jdk/xml/internal/XMLSecurityManager$NameMap
Event: 1.037 loading class jdk/xml/internal/XMLSecurityManager$NameMap done
Event: 1.037 loading class jdk/xml/internal/JdkProperty
Event: 1.037 loading class jdk/xml/internal/JdkProperty done
Event: 1.038 loading class java/io/NotSerializableException
Event: 1.038 loading class java/io/ObjectStreamException
Event: 1.038 loading class java/io/ObjectStreamException done
Event: 1.038 loading class java/io/NotSerializableException done
Event: 1.081 loading class org/xml/sax/ErrorHandler
Event: 1.081 loading class org/xml/sax/ErrorHandler done
Event: 1.081 loading class org/xml/sax/SAXParseException
Event: 1.081 loading class org/xml/sax/SAXParseException done
Event: 1.082 loading class jdk/internal/reflect/UnsafeQualifiedStaticIntegerFieldAccessorImpl
Event: 1.082 loading class jdk/internal/reflect/UnsafeQualifiedStaticIntegerFieldAccessorImpl done
Event: 1.085 loading class java/beans/Transient
Event: 1.085 loading class java/beans/Transient done
Event: 1.085 loading class java/beans/ConstructorProperties
Event: 1.085 loading class java/beans/ConstructorProperties done
Event: 1.086 loading class java/io/CharConversionException
Event: 1.086 loading class java/io/CharConversionException done


Dynamic libraries:
0x00007ff7efb90000 - 0x00007ff7efba0000 	C:\Program Files\Java\jdk-17.0.4.1\bin\java.exe
0x00007fff59570000 - 0x00007fff59768000 	C:\Windows\SYSTEM32\ntdll.dll
0x00007fff59220000 - 0x00007fff592dd000 	C:\Windows\System32\KERNEL32.DLL
0x00007fff56d90000 - 0x00007fff5705e000 	C:\Windows\System32\KERNELBASE.dll
0x00007fff57480000 - 0x00007fff57580000 	C:\Windows\System32\ucrtbase.dll
0x00007fff34890000 - 0x00007fff348a8000 	C:\Program Files\Java\jdk-17.0.4.1\bin\jli.dll
0x00007fff33d10000 - 0x00007fff33d2a000 	C:\Program Files\Java\jdk-17.0.4.1\bin\VCRUNTIME140.dll
0x00007fff587c0000 - 0x00007fff5886e000 	C:\Windows\System32\ADVAPI32.dll
0x00007fff57a20000 - 0x00007fff57abe000 	C:\Windows\System32\msvcrt.dll
0x00007fff59490000 - 0x00007fff5952c000 	C:\Windows\System32\sechost.dll
0x00007fff57ac0000 - 0x00007fff57be5000 	C:\Windows\System32\RPCRT4.dll
0x00007fff57690000 - 0x00007fff57830000 	C:\Windows\System32\USER32.dll
0x00007fff452e0000 - 0x00007fff4557a000 	C:\Windows\WinSxS\amd64_microsoft.windows.common-controls_6595b64144ccf1df_6.0.19041.1110_none_60b5254171f9507e\COMCTL32.dll
0x00007fff57260000 - 0x00007fff57282000 	C:\Windows\System32\win32u.dll
0x00007fff57940000 - 0x00007fff5796a000 	C:\Windows\System32\GDI32.dll
0x00007fff57340000 - 0x00007fff5744b000 	C:\Windows\System32\gdi32full.dll
0x00007fff4f420000 - 0x00007fff4f42a000 	C:\Windows\SYSTEM32\VERSION.dll
0x00007fff571c0000 - 0x00007fff5725d000 	C:\Windows\System32\msvcp_win.dll
0x00007fff57970000 - 0x00007fff579a0000 	C:\Windows\System32\IMM32.DLL
0x00007fff36380000 - 0x00007fff3638c000 	C:\Program Files\Java\jdk-17.0.4.1\bin\vcruntime140_1.dll
0x00007fff26020000 - 0x00007fff260ad000 	C:\Program Files\Java\jdk-17.0.4.1\bin\msvcp140.dll
0x00007ffed1ca0000 - 0x00007ffed2862000 	C:\Program Files\Java\jdk-17.0.4.1\bin\server\jvm.dll
0x00007fff57680000 - 0x00007fff57688000 	C:\Windows\System32\PSAPI.DLL
0x00007fff545c0000 - 0x00007fff545c9000 	C:\Windows\SYSTEM32\WSOCK32.dll
0x00007fff45730000 - 0x00007fff45757000 	C:\Windows\SYSTEM32\WINMM.dll
0x00007fff58a60000 - 0x00007fff58acb000 	C:\Windows\System32\WS2_32.dll
0x00007fff54b50000 - 0x00007fff54b62000 	C:\Windows\SYSTEM32\kernel.appcore.dll
0x00007fff36050000 - 0x00007fff3605a000 	C:\Program Files\Java\jdk-17.0.4.1\bin\jimage.dll
0x00007fff54390000 - 0x00007fff54574000 	C:\Windows\SYSTEM32\DBGHELP.DLL
0x00007fff41e50000 - 0x00007fff41e7c000 	C:\Windows\SYSTEM32\dbgcore.DLL
0x00007fff56d00000 - 0x00007fff56d82000 	C:\Windows\System32\bcryptPrimitives.dll
0x00007fff54660000 - 0x00007fff5466e000 	C:\Program Files\Java\jdk-17.0.4.1\bin\instrument.dll
0x00007fff33010000 - 0x00007fff33035000 	C:\Program Files\Java\jdk-17.0.4.1\bin\java.dll
0x00007fff24da0000 - 0x00007fff24e76000 	C:\Program Files\Java\jdk-17.0.4.1\bin\jsvml.dll
0x00007fff58ad0000 - 0x00007fff59214000 	C:\Windows\System32\SHELL32.dll
0x00007fff54d50000 - 0x00007fff554e4000 	C:\Windows\SYSTEM32\windows.storage.dll
0x00007fff57f20000 - 0x00007fff58274000 	C:\Windows\System32\combase.dll
0x00007fff566f0000 - 0x00007fff56720000 	C:\Windows\SYSTEM32\Wldp.dll
0x00007fff589a0000 - 0x00007fff58a4d000 	C:\Windows\System32\SHCORE.dll
0x00007fff57830000 - 0x00007fff57885000 	C:\Windows\System32\shlwapi.dll
0x00007fff56bd0000 - 0x00007fff56bef000 	C:\Windows\SYSTEM32\profapi.dll
0x00007fff335c0000 - 0x00007fff335d8000 	C:\Program Files\Java\jdk-17.0.4.1\bin\zip.dll
0x00007fff33cb0000 - 0x00007fff33cc9000 	C:\Program Files\Java\jdk-17.0.4.1\bin\net.dll
0x00007fff4eec0000 - 0x00007fff4efca000 	C:\Windows\SYSTEM32\WINHTTP.dll
0x00007fff56430000 - 0x00007fff5649a000 	C:\Windows\system32\mswsock.dll
0x00007fff33ac0000 - 0x00007fff33ad6000 	C:\Program Files\Java\jdk-17.0.4.1\bin\nio.dll
0x00007fff34ce0000 - 0x00007fff34cfa000 	C:\Program Files\JetBrains\IntelliJ IDEA 2022.2.1\bin\breakgen64.dll
0x00007fff56110000 - 0x00007fff561da000 	C:\Windows\SYSTEM32\DNSAPI.dll
0x00007fff560c0000 - 0x00007fff560fb000 	C:\Windows\SYSTEM32\IPHLPAPI.DLL
0x00007fff58a50000 - 0x00007fff58a58000 	C:\Windows\System32\NSI.dll
0x0000000054eb0000 - 0x0000000054eba000 	C:\Program Files\National Instruments\Shared\mDNS Responder\nimdnsNSP.dll
0x0000000054ea0000 - 0x0000000054eb0000 	C:\Windows\SYSTEM32\nimdnsResponder.dll
0x00007fff4f510000 - 0x00007fff4f51a000 	C:\Windows\System32\rasadhlp.dll
0x00007fff4b9e0000 - 0x00007fff4ba60000 	C:\Windows\System32\fwpuclnt.dll
0x00007fff57450000 - 0x00007fff57477000 	C:\Windows\System32\bcrypt.dll
0x00007fff545f0000 - 0x00007fff545f9000 	C:\Program Files\Java\jdk-17.0.4.1\bin\management.dll
0x00007fff545e0000 - 0x00007fff545eb000 	C:\Program Files\Java\jdk-17.0.4.1\bin\management_ext.dll
0x00007fff56640000 - 0x00007fff56658000 	C:\Windows\SYSTEM32\CRYPTSP.dll
0x00007fff55d20000 - 0x00007fff55d54000 	C:\Windows\system32\rsaenh.dll
0x00007fff56b50000 - 0x00007fff56b7e000 	C:\Windows\SYSTEM32\USERENV.dll
0x00007fff56660000 - 0x00007fff5666c000 	C:\Windows\SYSTEM32\CRYPTBASE.dll
0x00007fff4f340000 - 0x00007fff4f357000 	C:\Windows\SYSTEM32\dhcpcsvc6.DLL
0x00007fff4f320000 - 0x00007fff4f33d000 	C:\Windows\SYSTEM32\dhcpcsvc.DLL
0x00007fff29da0000 - 0x00007fff29db7000 	C:\Windows\system32\napinsp.dll
0x00007fff29d80000 - 0x00007fff29d9b000 	C:\Windows\system32\pnrpnsp.dll
0x00007fff51a40000 - 0x00007fff51a55000 	C:\Windows\system32\wshbth.dll
0x00007fff52580000 - 0x00007fff5259d000 	C:\Windows\system32\NLAapi.dll
0x00007fff29d60000 - 0x00007fff29d72000 	C:\Windows\System32\winrnr.dll
0x00007fff34ab0000 - 0x00007fff34ac0000 	C:\Program Files\Java\jdk-17.0.4.1\bin\verify.dll

dbghelp: loaded successfully - version: 4.0.5 - missing functions: none
symbol engine: initialized successfully - sym options: 0x614 - pdb path: .;C:\Program Files\Java\jdk-17.0.4.1\bin;C:\Windows\SYSTEM32;C:\Windows\WinSxS\amd64_microsoft.windows.common-controls_6595b64144ccf1df_6.0.19041.1110_none_60b5254171f9507e;C:\Program Files\Java\jdk-17.0.4.1\bin\server;C:\Program Files\JetBrains\IntelliJ IDEA 2022.2.1\bin;C:\Program Files\National Instruments\Shared\mDNS Responder

VM Arguments:
jvm_args: -XX:TieredStopAtLevel=1 -Dspring.output.ansi.enabled=always -Dcom.sun.management.jmxremote -Dspring.jmx.enabled=true -Dspring.liveBeansView.mbeanDomain -Dspring.application.admin.enabled=true -javaagent:C:\Program Files\JetBrains\IntelliJ IDEA 2022.2.1\lib\idea_rt.jar=65278:C:\Program Files\JetBrains\IntelliJ IDEA 2022.2.1\bin -Dfile.encoding=UTF-8 
java_command: com.example.springjwt.SpringjwtApplication
java_class_path (initial): D:\web\backend\springjwt\target\classes;C:\Users\abdelkhalek\.m2\repository\org\springframework\boot\spring-boot-starter-data-jpa\2.7.3\spring-boot-starter-data-jpa-2.7.3.jar;C:\Users\abdelkhalek\.m2\repository\org\springframework\boot\spring-boot-starter-aop\2.7.3\spring-boot-starter-aop-2.7.3.jar;C:\Users\abdelkhalek\.m2\repository\org\aspectj\aspectjweaver\1.9.7\aspectjweaver-1.9.7.jar;C:\Users\abdelkhalek\.m2\repository\org\springframework\boot\spring-boot-starter-jdbc\2.7.3\spring-boot-starter-jdbc-2.7.3.jar;C:\Users\abdelkhalek\.m2\repository\com\zaxxer\HikariCP\4.0.3\HikariCP-4.0.3.jar;C:\Users\abdelkhalek\.m2\repository\org\springframework\spring-jdbc\5.3.22\spring-jdbc-5.3.22.jar;C:\Users\abdelkhalek\.m2\repository\jakarta\transaction\jakarta.transaction-api\1.3.3\jakarta.transaction-api-1.3.3.jar;C:\Users\abdelkhalek\.m2\repository\jakarta\persistence\jakarta.persistence-api\2.2.3\jakarta.persistence-api-2.2.3.jar;C:\Users\abdelkhalek\.m2\repository\org\hibernate\hibernate-core\5.6.10.Final\hibernate-core-5.6.10.Final.jar;C:\Users\abdelkhalek\.m2\repository\org\jboss\logging\jboss-logging\3.4.3.Final\jboss-logging-3.4.3.Final.jar;C:\Users\abdelkhalek\.m2\repository\net\bytebuddy\byte-buddy\1.12.13\byte-buddy-1.12.13.jar;C:\Users\abdelkhalek\.m2\repository\antlr\antlr\2.7.7\antlr-2.7.7.jar;C:\Users\abdelkhalek\.m2\repository\org\jboss\jandex\2.4.2.Final\jandex-2.4.2.Final.jar;C:\Users\abdelkhalek\.m2\repository\com\fasterxml\classmate\1.5.1\classmate-1.5.1.jar;C:\Users\abdelkhalek\.m2\repository\org\hibernate\common\hibernate-commons-annotations\5.1.2.Final\hibernate-commons-annotations-5.1.2.Final.jar;C:\Users\abdelkhalek\.m2\repository\org\glassfish\jaxb\jaxb-runtime\2.3.6\jaxb-runtime-2.3.6.jar;C:\Users\abdelkhalek\.m2\repository\org\glassfish\jaxb\txw2\2.3.6\txw2-2.3.6.jar;C:\Users\abdelkhalek\.m2\repository\com\sun\istack\istack-commons-runtime\3.0.12\istack-commons-runtime-3.0.12.jar;C:\Users\abdelkhalek\.m2\repository\com
Launcher Type: SUN_STANDARD

[Global flags]
     intx CICompilerCount                          = 4                                         {product} {ergonomic}
     uint ConcGCThreads                            = 3                                         {product} {ergonomic}
     uint G1ConcRefinementThreads                  = 10                                        {product} {ergonomic}
   size_t G1HeapRegionSize                         = 2097152                                   {product} {ergonomic}
    uintx GCDrainStackTargetSize                   = 64                                        {product} {ergonomic}
   size_t InitialHeapSize                          = 266338304                                 {product} {ergonomic}
     bool ManagementServer                         = true                                      {product} {command line}
   size_t MarkStackSize                            = 4194304                                   {product} {ergonomic}
   size_t MaxHeapSize                              = 4250927104                                {product} {ergonomic}
   size_t MaxNewSize                               = 2550136832                                {product} {ergonomic}
   size_t MinHeapDeltaBytes                        = 2097152                                   {product} {ergonomic}
   size_t MinHeapSize                              = 8388608                                   {product} {ergonomic}
    uintx NonProfiledCodeHeapSize                  = 0                                      {pd product} {ergonomic}
     bool ProfileInterpreter                       = false                                  {pd product} {command line}
    uintx ProfiledCodeHeapSize                     = 0                                      {pd product} {ergonomic}
   size_t SoftMaxHeapSize                          = 4250927104                             {manageable} {ergonomic}
     intx TieredStopAtLevel                        = 1                                         {product} {command line}
     bool UseCompressedClassPointers               = true                           {product lp64_product} {ergonomic}
     bool UseCompressedOops                        = true                           {product lp64_product} {ergonomic}
     bool UseG1GC                                  = true                                      {product} {ergonomic}
     bool UseLargePagesIndividualAllocation        = false                                  {pd product} {ergonomic}

Logging:
Log output configuration:
 #0: stdout all=warning uptime,level,tags
 #1: stderr all=off uptime,level,tags

Environment Variables:
PATH=C:\Program Files\Common Files\Oracle\Java\javapath;C:\Program Files (x86)\VMware\VMware Workstation\bin\;C:\Python310\Scripts\;C:\Python310\;C:\Windows\system32;C:\Windows;C:\Windows\System32\Wbem;C:\Windows\System32\WindowsPowerShell\v1.0\;C:\Windows\System32\OpenSSH\;C:\Program Files (x86)\NVIDIA Corporation\PhysX\Common;C:\Program Files\NVIDIA Corporation\NVIDIA NvDLISR;C:\Program Files\dotnet\;C:\ProgramData\chocolatey\bin;C:\Program Files\Microsoft SQL Server\Client SDK\ODBC\170\Tools\Binn\;C:\Program Files (x86)\Microsoft SQL Server\150\Tools\Binn\;C:\Program Files\Microsoft SQL Server\150\Tools\Binn\;C:\Program Files\Microsoft SQL Server\150\DTS\Binn\;C:\Program Files\Azure Data Studio\bin;C:\Program Files\Microsoft SQL Server\130\Tools\Binn\;C:\Program Files (x86)\IVI Foundation\VISA\WinNT\Bin\;C:\Program Files\IVI Foundation\VISA\Win64\Bin\;C:\Program Files (x86)\National Instruments\Shared\LabVIEW CLI;C:\Program Files (x86)\IVI Foundation\VISA\WinNT\Bin;C:\Program Files\nodejs\;C:\Program Files\Git\cmd;C:\Program Files\Docker\Docker\resources\bin;C:\ProgramData\DockerDesktop\version-bin;C:\Program Files\Amazon\AWSCLIV2\;C:\Program Files\Polyspace\R2021a\runtime\win64;C:\Program Files\Polyspace\R2021a\bin;C:\Program Files\Polyspace\R2021a\polyspace\bin;C:\xampp\php;C:\composer;C:\Program Files\MySQL\MySQL Shell 8.0\bin\;C:\Users\abdelkhalek\AppData\Local\Microsoft\WindowsApps;C:\Users\abdelkhalek\AppData\Local\Programs\Microsoft VS Code\bin;C:\Users\abdelkhalek\.dotnet\tools;C:\Users\abdelkhalek\AppData\Local\atom\bin;C:\Users\abdelkhalek\AppData\Local\Programs\Hyper\resources\bin;C:\Program Files\Azure Data Studio\bin;C:\src\flutter\bin;C:\Users\abdelkhalek\.dotnet\tools;C:\Users\abdelkhalek\AppData\Roaming\npm;C:\Program Files\heroku\bin;C:\ProgramData\abdelkhalek\GitHubDesktop\bin;C:\Users\abdelkhalek\AppData\Local\GitHubDesktop\bin;C:\Users\abdelkhalek\AppData\Roaming\Composer\vendor\bin
USERNAME=abdelkhalek
OS=Windows_NT
PROCESSOR_IDENTIFIER=Intel64 Family 6 Model 165 Stepping 2, GenuineIntel



---------------  S Y S T E M  ---------------

OS:
 Windows 10 , 64 bit Build 19041 (10.0.19041.1889)
OS uptime: 0 days 7:30 hours
Hyper-V role detected

CPU: total 12 (initial active 12) (6 cores per cpu, 2 threads per core) family 6 model 165 stepping 2 microcode 0xe2, cx8, cmov, fxsr, ht, mmx, 3dnowpref, sse, sse2, sse3, ssse3, sse4.1, sse4.2, popcnt, lzcnt, tsc, tscinvbit, avx, avx2, aes, erms, clmul, bmi1, bmi2, adx, fma, vzeroupper, clflush, clflushopt, hv

Memory: 4k page, system-wide physical 16215M (3507M free)
TotalPageFile size 18263M (AvailPageFile size 375M)
current process WorkingSet (physical memory assigned to process): 94M, peak: 94M
current process commit charge ("private bytes"): 367M, peak: 367M

vm_info: Java HotSpot(TM) 64-Bit Server VM (17.0.4.1+1-LTS-2) for windows-amd64 JRE (17.0.4.1+1-LTS-2), built on Aug 16 2022 18:32:06 by "mach5one" with MS VC++ 16.8 / 16.9 (VS2019)

END.
